<?xml version="1.0" encoding="UTF-8"?>
<!-- Generated by org.testng.reporters.JUnitXMLReporter -->
<testsuite ignored="2" hostname="naveenautomationlabss-MacBook-Pro.local" failures="0" tests="1" name="Default test" time="4.045" errors="0" timestamp="2025-04-15T16:02:29 IST">
  <testcase classname="UpdateUser.CreateUserTestWithUserObjectAndLombok" name="CreateUserWith_UserObject" time="4.02"/>
  <testcase classname="UpdateUser.CreateUserTestWithUserObjectAndLombok" name="CreateUserWith_Lombok_Builder" time="0.0">
    <ignored/>
  </testcase> <!-- CreateUserWith_Lombok_Builder -->
  <testcase classname="UpdateUser.CreateUserTestWithUserObjectAndLombok" name="CreateUserWith_Lombok" time="0.0">
    <ignored/>
  </testcase> <!-- CreateUserWith_Lombok -->
</testsuite> <!-- Default test -->
