<?xml version="1.0" encoding="UTF-8"?>
<!-- Generated by org.testng.reporters.JUnitXMLReporter -->
<testsuite ignored="1" hostname="192.168.1.7" failures="0" tests="1" name="Default test" time="2.244" errors="0" timestamp="2025-04-09T17:47:12 IST">
  <testcase classname="POSTAPIWithCreateUser.CreateUserAPITest" name="getAuthTokenTest_WithJSONString" time="2.219"/>
  <testcase classname="POSTAPIWithCreateUser.CreateUserAPITest" name="getAuthTokenTest_WithJSONFILE" time="0.0">
    <ignored/>
  </testcase> <!-- getAuthTokenTest_WithJSONFILE -->
</testsuite> <!-- Default test -->
