<?xml version="1.0" encoding="UTF-8"?>
<testsuite xmlns:xsi="http://www.w3.org/2001/XMLSchema-instance" xsi:noNamespaceSchemaLocation="https://maven.apache.org/surefire/maven-surefire-plugin/xsd/surefire-test-report-3.0.xsd" version="3.0" name="TestSuite" time="83.135" tests="59" errors="0" skipped="0" failures="9">
  <properties>
[...]
</properties>
  <testcase name="getContactsAPITest" classname="GETAPITestsWithBDD.ContactsAPIsTest" time="1.972">
    <failure message="1 expectation failed.&#10;Expected status code &lt;200&gt; but was &lt;401&gt;.&#10;" type="java.lang.AssertionError"><![CDATA[java.lang.AssertionError: 
1 expectation failed.
Expected status code <200> but was <401>.

	at java.base/jdk.internal.reflect.NativeConstructorAccessorImpl.newInstance0(Native Method)
	at java.base/jdk.internal.reflect.NativeConstructorAccessorImpl.newInstance(NativeConstructorAccessorImpl.java:62)
	at java.base/jdk.internal.reflect.DelegatingConstructorAccessorImpl.newInstance(DelegatingConstructorAccessorImpl.java:45)
	at java.base/java.lang.reflect.Constructor.newInstance(Constructor.java:490)
	at org.codehaus.groovy.reflection.CachedConstructor.invoke(CachedConstructor.java:73)
	at org.codehaus.groovy.reflection.CachedConstructor.doConstructorInvoke(CachedConstructor.java:60)
	at org.codehaus.groovy.runtime.callsite.ConstructorSite$ConstructorSiteNoUnwrap.callConstructor(ConstructorSite.java:86)
	at org.codehaus.groovy.runtime.callsite.CallSiteArray.defaultCallConstructor(CallSiteArray.java:57)
	at org.codehaus.groovy.runtime.callsite.AbstractCallSite.callConstructor(AbstractCallSite.java:263)
	at org.codehaus.groovy.runtime.callsite.AbstractCallSite.callConstructor(AbstractCallSite.java:277)
	at io.restassured.internal.ResponseSpecificationImpl$HamcrestAssertionClosure.validate(ResponseSpecificationImpl.groovy:512)
	at io.restassured.internal.ResponseSpecificationImpl$HamcrestAssertionClosure$validate$1.call(Unknown Source)
	at org.codehaus.groovy.runtime.callsite.CallSiteArray.defaultCall(CallSiteArray.java:45)
	at org.codehaus.groovy.runtime.callsite.AbstractCallSite.call(AbstractCallSite.java:125)
	at org.codehaus.groovy.runtime.callsite.AbstractCallSite.call(AbstractCallSite.java:139)
	at io.restassured.internal.ResponseSpecificationImpl.validateResponseIfRequired(ResponseSpecificationImpl.groovy:696)
	at io.restassured.internal.ResponseSpecificationImpl.this$2$validateResponseIfRequired(ResponseSpecificationImpl.groovy)
	at java.base/jdk.internal.reflect.NativeMethodAccessorImpl.invoke0(Native Method)
	at java.base/jdk.internal.reflect.NativeMethodAccessorImpl.invoke(NativeMethodAccessorImpl.java:62)
	at java.base/jdk.internal.reflect.DelegatingMethodAccessorImpl.invoke(DelegatingMethodAccessorImpl.java:43)
	at java.base/java.lang.reflect.Method.invoke(Method.java:566)
	at org.codehaus.groovy.runtime.callsite.PlainObjectMetaMethodSite.doInvoke(PlainObjectMetaMethodSite.java:43)
	at org.codehaus.groovy.runtime.callsite.PogoMetaMethodSite$PogoCachedMethodSiteNoUnwrapNoCoerce.invoke(PogoMetaMethodSite.java:198)
	at org.codehaus.groovy.runtime.callsite.PogoMetaMethodSite.callCurrent(PogoMetaMethodSite.java:62)
	at org.codehaus.groovy.runtime.callsite.AbstractCallSite.callCurrent(AbstractCallSite.java:185)
	at io.restassured.internal.ResponseSpecificationImpl.statusCode(ResponseSpecificationImpl.groovy:135)
	at io.restassured.specification.ResponseSpecification$statusCode$2.callCurrent(Unknown Source)
	at org.codehaus.groovy.runtime.callsite.CallSiteArray.defaultCallCurrent(CallSiteArray.java:49)
	at org.codehaus.groovy.runtime.callsite.AbstractCallSite.callCurrent(AbstractCallSite.java:171)
	at org.codehaus.groovy.runtime.callsite.AbstractCallSite.callCurrent(AbstractCallSite.java:185)
	at io.restassured.internal.ResponseSpecificationImpl.statusCode(ResponseSpecificationImpl.groovy:143)
	at io.restassured.internal.ValidatableResponseOptionsImpl.statusCode(ValidatableResponseOptionsImpl.java:89)
	at GETAPITestsWithBDD.ContactsAPIsTest.getContactsAPITest(ContactsAPIsTest.java:33)
	at java.base/jdk.internal.reflect.NativeMethodAccessorImpl.invoke0(Native Method)
	at java.base/jdk.internal.reflect.NativeMethodAccessorImpl.invoke(NativeMethodAccessorImpl.java:62)
	at java.base/jdk.internal.reflect.DelegatingMethodAccessorImpl.invoke(DelegatingMethodAccessorImpl.java:43)
	at java.base/java.lang.reflect.Method.invoke(Method.java:566)
	at org.testng.internal.MethodInvocationHelper.invokeMethod(MethodInvocationHelper.java:133)
	at org.testng.internal.TestInvoker.invokeMethod(TestInvoker.java:584)
	at org.testng.internal.TestInvoker.invokeTestMethod(TestInvoker.java:172)
	at org.testng.internal.MethodRunner.runInSequence(MethodRunner.java:46)
	at org.testng.internal.TestInvoker$MethodInvocationAgent.invoke(TestInvoker.java:804)
	at org.testng.internal.TestInvoker.invokeTestMethods(TestInvoker.java:145)
	at org.testng.internal.TestMethodWorker.invokeTestMethods(TestMethodWorker.java:146)
	at org.testng.internal.TestMethodWorker.run(TestMethodWorker.java:128)
	at java.base/java.util.ArrayList.forEach(ArrayList.java:1541)
	at org.testng.TestRunner.privateRun(TestRunner.java:770)
	at org.testng.TestRunner.run(TestRunner.java:591)
	at org.testng.SuiteRunner.runTest(SuiteRunner.java:402)
	at org.testng.SuiteRunner.runSequentially(SuiteRunner.java:396)
	at org.testng.SuiteRunner.privateRun(SuiteRunner.java:355)
	at org.testng.SuiteRunner.run(SuiteRunner.java:304)
	at org.testng.SuiteRunnerWorker.runSuite(SuiteRunnerWorker.java:53)
	at org.testng.SuiteRunnerWorker.run(SuiteRunnerWorker.java:96)
	at org.testng.TestNG.runSuitesSequentially(TestNG.java:1180)
	at org.testng.TestNG.runSuitesLocally(TestNG.java:1102)
	at org.testng.TestNG.runSuites(TestNG.java:1032)
	at org.testng.TestNG.run(TestNG.java:1000)
	at org.apache.maven.surefire.testng.TestNGExecutor.run(TestNGExecutor.java:155)
	at org.apache.maven.surefire.testng.TestNGDirectoryTestSuite.executeMulti(TestNGDirectoryTestSuite.java:169)
	at org.apache.maven.surefire.testng.TestNGDirectoryTestSuite.execute(TestNGDirectoryTestSuite.java:88)
	at org.apache.maven.surefire.testng.TestNGProvider.invoke(TestNGProvider.java:137)
	at org.apache.maven.surefire.booter.ForkedBooter.runSuitesInProcess(ForkedBooter.java:385)
	at org.apache.maven.surefire.booter.ForkedBooter.execute(ForkedBooter.java:162)
	at org.apache.maven.surefire.booter.ForkedBooter.run(ForkedBooter.java:507)
	at org.apache.maven.surefire.booter.ForkedBooter.main(ForkedBooter.java:495)
]]></failure>
    <system-out><![CDATA[Request method:	GET
Request URI:	https://thinking-tester-contact-list.herokuapp.com/contacts
Proxy:			<none>
Request params:	<none>
Query params:	<none>
Form params:	<none>
Path params:	<none>
Headers:		Authorization=Bearer eyJhbGciOiJIUzI1NiIsInR5cCI6IkpXVCJ9.eyJfaWQiOiI2NDg3MWE2NmY2ZDEzYzAwMTM3Y2IzMWEiLCJpYXQiOjE3MjUyOTIxNTh9.3FBGhtqXaTsZWnbFNTTTgwx9c96ZdehVQEhj-AnGV8c
				Accept=*/*
Cookies:		<none>
Multiparts:		<none>
Body:			<none>
Request method:	GET
Request URI:	https://thinking-tester-contact-list.herokuapp.com/contacts
Proxy:			<none>
Request params:	<none>
Query params:	<none>
Form params:	<none>
Path params:	<none>
Headers:		Authorization=Bearer eyJhbGciOiJIUzI1NiIsInR5cCI6IkpXVCJ9.eyJfaWQiOiI2NDg3MWE2NmY2ZDEzYzAwMTM3Y2IzMWEiLCJpYXQiOjE3MjUyOTIxNTh9.3FBGhtqXaTsZWnbFNTTTgwx9c96ZdehVQEhj-AnGV8c
				Accept=*/*
Cookies:		<none>
Multiparts:		<none>
Body:			<none>
HTTP/1.1 401 Unauthorized
Server: Cowboy
Report-To: {"group":"heroku-nel","max_age":3600,"endpoints":[{"url":"https://nel.heroku.com/reports?ts=1744655804&sid=af571f24-03ee-46d1-9f90-ab9030c2c74c&s=okcFJ1GNPrleBrv1vFIDevp3TH7ePq%2FMrxpjJ3b1bNw%3D"}]}
Reporting-Endpoints: heroku-nel=https://nel.heroku.com/reports?ts=1744655804&sid=af571f24-03ee-46d1-9f90-ab9030c2c74c&s=okcFJ1GNPrleBrv1vFIDevp3TH7ePq%2FMrxpjJ3b1bNw%3D
Nel: {"report_to":"heroku-nel","max_age":3600,"success_fraction":0.005,"failure_fraction":0.05,"response_headers":["Via"]}
Connection: keep-alive
X-Powered-By: Express
Content-Type: application/json; charset=utf-8
Content-Length: 32
Etag: W/"20-l84Ae8oPqxLFOfh6GyOldXOyOfM"
Date: Mon, 14 Apr 2025 18:36:44 GMT
Via: 1.1 vegur

{
    "error": "Please authenticate."
}
]]></system-out>
  </testcase>
  <testcase name="getContactsAPITest_WithInvalidToken" classname="GETAPITestsWithBDD.ContactsAPIsTest" time="1.126">
    <system-out><![CDATA[Request method:	GET
Request URI:	https://thinking-tester-contact-list.herokuapp.com/contacts
Proxy:			<none>
Request params:	<none>
Query params:	<none>
Form params:	<none>
Path params:	<none>
Headers:		Authorization=Bearer -AnGV8c
				Accept=*/*
Cookies:		<none>
Multiparts:		<none>
Body:			<none>
Request method:	GET
Request URI:	https://thinking-tester-contact-list.herokuapp.com/contacts
Proxy:			<none>
Request params:	<none>
Query params:	<none>
Form params:	<none>
Path params:	<none>
Headers:		Authorization=Bearer -AnGV8c
				Accept=*/*
Cookies:		<none>
Multiparts:		<none>
Body:			<none>
HTTP/1.1 401 Unauthorized
Server: Cowboy
Report-To: {"group":"heroku-nel","max_age":3600,"endpoints":[{"url":"https://nel.heroku.com/reports?ts=1744655806&sid=af571f24-03ee-46d1-9f90-ab9030c2c74c&s=8wYZ6yjzMfAzGcV1VJpS407DkSOTC0wpJKhXsENXAOM%3D"}]}
Reporting-Endpoints: heroku-nel=https://nel.heroku.com/reports?ts=1744655806&sid=af571f24-03ee-46d1-9f90-ab9030c2c74c&s=8wYZ6yjzMfAzGcV1VJpS407DkSOTC0wpJKhXsENXAOM%3D
Nel: {"report_to":"heroku-nel","max_age":3600,"success_fraction":0.005,"failure_fraction":0.05,"response_headers":["Via"]}
Connection: keep-alive
X-Powered-By: Express
Content-Type: application/json; charset=utf-8
Content-Length: 32
Etag: W/"20-l84Ae8oPqxLFOfh6GyOldXOyOfM"
Date: Mon, 14 Apr 2025 18:36:46 GMT
Via: 1.1 vegur

{
    "error": "Please authenticate."
}
]]></system-out>
  </testcase>
  <testcase name="circuitApiTest_Xml" classname="XMLAPIs.XMLPathTest" time="1.794">
    <system-out><![CDATA[<?xml version="1.0" encoding="utf-8"?>
<?xml-stylesheet type="text/xsl" href="/schemas/mrd-1.5.xsl"?>
<MRData xmlns="http://ergast.com/mrd/1.5" series="f1" url="http://ergast.com/api/f1/2017/circuits.xml" limit="30" offset="0" total="20">
	<CircuitTable season="2017">
		<Circuit circuitId="albert_park" url="http://en.wikipedia.org/wiki/Melbourne_Grand_Prix_Circuit">
			<CircuitName>Albert Park Grand Prix Circuit</CircuitName>
			<Location lat="-37.8497" long="144.968">
				<Locality>Melbourne</Locality>
				<Country>Australia</Country>
			</Location>
		</Circuit>
		<Circuit circuitId="americas" url="http://en.wikipedia.org/wiki/Circuit_of_the_Americas">
			<CircuitName>Circuit of the Americas</CircuitName>
			<Location lat="30.1328" long="-97.6411">
				<Locality>Austin</Locality>
				<Country>USA</Country>
			</Location>
		</Circuit>
		<Circuit circuitId="bahrain" url="http://en.wikipedia.org/wiki/Bahrain_International_Circuit">
			<CircuitName>Bahrain International Circuit</CircuitName>
			<Location lat="26.0325" long="50.5106">
				<Locality>Sakhir</Locality>
				<Country>Bahrain</Country>
			</Location>
		</Circuit>
		<Circuit circuitId="baku" url="http://en.wikipedia.org/wiki/Baku_City_Circuit">
			<CircuitName>Baku City Circuit</CircuitName>
			<Location lat="40.3725" long="49.8533">
				<Locality>Baku</Locality>
				<Country>Azerbaijan</Country>
			</Location>
		</Circuit>
		<Circuit circuitId="catalunya" url="http://en.wikipedia.org/wiki/Circuit_de_Barcelona-Catalunya">
			<CircuitName>Circuit de Barcelona-Catalunya</CircuitName>
			<Location lat="41.57" long="2.26111">
				<Locality>Montmeló</Locality>
				<Country>Spain</Country>
			</Location>
		</Circuit>
		<Circuit circuitId="hungaroring" url="http://en.wikipedia.org/wiki/Hungaroring">
			<CircuitName>Hungaroring</CircuitName>
			<Location lat="47.5789" long="19.2486">
				<Locality>Budapest</Locality>
				<Country>Hungary</Country>
			</Location>
		</Circuit>
		<Circuit circuitId="interlagos" url="http://en.wikipedia.org/wiki/Aut%C3%B3dromo_Jos%C3%A9_Carlos_Pace">
			<CircuitName>Autódromo José Carlos Pace</CircuitName>
			<Location lat="-23.7036" long="-46.6997">
				<Locality>São Paulo</Locality>
				<Country>Brazil</Country>
			</Location>
		</Circuit>
		<Circuit circuitId="marina_bay" url="http://en.wikipedia.org/wiki/Marina_Bay_Street_Circuit">
			<CircuitName>Marina Bay Street Circuit</CircuitName>
			<Location lat="1.2914" long="103.864">
				<Locality>Marina Bay</Locality>
				<Country>Singapore</Country>
			</Location>
		</Circuit>
		<Circuit circuitId="monaco" url="http://en.wikipedia.org/wiki/Circuit_de_Monaco">
			<CircuitName>Circuit de Monaco</CircuitName>
			<Location lat="43.7347" long="7.42056">
				<Locality>Monte-Carlo</Locality>
				<Country>Monaco</Country>
			</Location>
		</Circuit>
		<Circuit circuitId="monza" url="http://en.wikipedia.org/wiki/Autodromo_Nazionale_Monza">
			<CircuitName>Autodromo Nazionale di Monza</CircuitName>
			<Location lat="45.6156" long="9.28111">
				<Locality>Monza</Locality>
				<Country>Italy</Country>
			</Location>
		</Circuit>
		<Circuit circuitId="red_bull_ring" url="http://en.wikipedia.org/wiki/Red_Bull_Ring">
			<CircuitName>Red Bull Ring</CircuitName>
			<Location lat="47.2197" long="14.7647">
				<Locality>Spielberg</Locality>
				<Country>Austria</Country>
			</Location>
		</Circuit>
		<Circuit circuitId="rodriguez" url="http://en.wikipedia.org/wiki/Aut%C3%B3dromo_Hermanos_Rodr%C3%ADguez">
			<CircuitName>Autódromo Hermanos Rodríguez</CircuitName>
			<Location lat="19.4042" long="-99.0907">
				<Locality>Mexico City</Locality>
				<Country>Mexico</Country>
			</Location>
		</Circuit>
		<Circuit circuitId="sepang" url="http://en.wikipedia.org/wiki/Sepang_International_Circuit">
			<CircuitName>Sepang International Circuit</CircuitName>
			<Location lat="2.76083" long="101.738">
				<Locality>Kuala Lumpur</Locality>
				<Country>Malaysia</Country>
			</Location>
		</Circuit>
		<Circuit circuitId="shanghai" url="http://en.wikipedia.org/wiki/Shanghai_International_Circuit">
			<CircuitName>Shanghai International Circuit</CircuitName>
			<Location lat="31.3389" long="121.22">
				<Locality>Shanghai</Locality>
				<Country>China</Country>
			</Location>
		</Circuit>
		<Circuit circuitId="silverstone" url="http://en.wikipedia.org/wiki/Silverstone_Circuit">
			<CircuitName>Silverstone Circuit</CircuitName>
			<Location lat="52.0786" long="-1.01694">
				<Locality>Silverstone</Locality>
				<Country>UK</Country>
			</Location>
		</Circuit>
		<Circuit circuitId="sochi" url="http://en.wikipedia.org/wiki/Sochi_Autodrom">
			<CircuitName>Sochi Autodrom</CircuitName>
			<Location lat="43.4057" long="39.9578">
				<Locality>Sochi</Locality>
				<Country>Russia</Country>
			</Location>
		</Circuit>
		<Circuit circuitId="spa" url="http://en.wikipedia.org/wiki/Circuit_de_Spa-Francorchamps">
			<CircuitName>Circuit de Spa-Francorchamps</CircuitName>
			<Location lat="50.4372" long="5.97139">
				<Locality>Spa</Locality>
				<Country>Belgium</Country>
			</Location>
		</Circuit>
		<Circuit circuitId="suzuka" url="http://en.wikipedia.org/wiki/Suzuka_Circuit">
			<CircuitName>Suzuka Circuit</CircuitName>
			<Location lat="34.8431" long="136.541">
				<Locality>Suzuka</Locality>
				<Country>Japan</Country>
			</Location>
		</Circuit>
		<Circuit circuitId="villeneuve" url="http://en.wikipedia.org/wiki/Circuit_Gilles_Villeneuve">
			<CircuitName>Circuit Gilles Villeneuve</CircuitName>
			<Location lat="45.5" long="-73.5228">
				<Locality>Montreal</Locality>
				<Country>Canada</Country>
			</Location>
		</Circuit>
		<Circuit circuitId="yas_marina" url="http://en.wikipedia.org/wiki/Yas_Marina_Circuit">
			<CircuitName>Yas Marina Circuit</CircuitName>
			<Location lat="24.4672" long="54.6031">
				<Locality>Abu Dhabi</Locality>
				<Country>UAE</Country>
			</Location>
		</Circuit>
	</CircuitTable>
</MRData>

total circuits: 20
--------------------
Albert Park Grand Prix Circuit
Circuit of the Americas
Bahrain International Circuit
Baku City Circuit
Circuit de Barcelona-Catalunya
Hungaroring
Autódromo José Carlos Pace
Marina Bay Street Circuit
Circuit de Monaco
Autodromo Nazionale di Monza
Red Bull Ring
Autódromo Hermanos Rodríguez
Sepang International Circuit
Shanghai International Circuit
Silverstone Circuit
Sochi Autodrom
Circuit de Spa-Francorchamps
Suzuka Circuit
Circuit Gilles Villeneuve
Yas Marina Circuit
--------------------
Austin
--------------------
USA
--------------------
[Austin, Sakhir]
]]></system-out>
  </testcase>
  <testcase name="getEmailByNameUsingGPath" classname="XMLAPIs.XMLPathTest" time="1.074">
    <failure message="Email mismatch expected [chakrika_naik@sanford.test] but found [[]]" type="java.lang.AssertionError"><![CDATA[java.lang.AssertionError: Email mismatch expected [chakrika_naik@sanford.test] but found [[]]
	at org.testng.Assert.fail(Assert.java:97)
	at org.testng.Assert.assertEqualsImpl(Assert.java:136)
	at org.testng.Assert.assertEquals(Assert.java:118)
	at org.testng.Assert.assertEquals(Assert.java:575)
	at XMLAPIs.XMLPathTest.getEmailByNameUsingGPath(XMLPathTest.java:196)
	at java.base/jdk.internal.reflect.NativeMethodAccessorImpl.invoke0(Native Method)
	at java.base/jdk.internal.reflect.NativeMethodAccessorImpl.invoke(NativeMethodAccessorImpl.java:62)
	at java.base/jdk.internal.reflect.DelegatingMethodAccessorImpl.invoke(DelegatingMethodAccessorImpl.java:43)
	at java.base/java.lang.reflect.Method.invoke(Method.java:566)
	at org.testng.internal.MethodInvocationHelper.invokeMethod(MethodInvocationHelper.java:133)
	at org.testng.internal.TestInvoker.invokeMethod(TestInvoker.java:584)
	at org.testng.internal.TestInvoker.invokeTestMethod(TestInvoker.java:172)
	at org.testng.internal.MethodRunner.runInSequence(MethodRunner.java:46)
	at org.testng.internal.TestInvoker$MethodInvocationAgent.invoke(TestInvoker.java:804)
	at org.testng.internal.TestInvoker.invokeTestMethods(TestInvoker.java:145)
	at org.testng.internal.TestMethodWorker.invokeTestMethods(TestMethodWorker.java:146)
	at org.testng.internal.TestMethodWorker.run(TestMethodWorker.java:128)
	at java.base/java.util.ArrayList.forEach(ArrayList.java:1541)
	at org.testng.TestRunner.privateRun(TestRunner.java:770)
	at org.testng.TestRunner.run(TestRunner.java:591)
	at org.testng.SuiteRunner.runTest(SuiteRunner.java:402)
	at org.testng.SuiteRunner.runSequentially(SuiteRunner.java:396)
	at org.testng.SuiteRunner.privateRun(SuiteRunner.java:355)
	at org.testng.SuiteRunner.run(SuiteRunner.java:304)
	at org.testng.SuiteRunnerWorker.runSuite(SuiteRunnerWorker.java:53)
	at org.testng.SuiteRunnerWorker.run(SuiteRunnerWorker.java:96)
	at org.testng.TestNG.runSuitesSequentially(TestNG.java:1180)
	at org.testng.TestNG.runSuitesLocally(TestNG.java:1102)
	at org.testng.TestNG.runSuites(TestNG.java:1032)
	at org.testng.TestNG.run(TestNG.java:1000)
	at org.apache.maven.surefire.testng.TestNGExecutor.run(TestNGExecutor.java:155)
	at org.apache.maven.surefire.testng.TestNGDirectoryTestSuite.executeMulti(TestNGDirectoryTestSuite.java:169)
	at org.apache.maven.surefire.testng.TestNGDirectoryTestSuite.execute(TestNGDirectoryTestSuite.java:88)
	at org.apache.maven.surefire.testng.TestNGProvider.invoke(TestNGProvider.java:137)
	at org.apache.maven.surefire.booter.ForkedBooter.runSuitesInProcess(ForkedBooter.java:385)
	at org.apache.maven.surefire.booter.ForkedBooter.execute(ForkedBooter.java:162)
	at org.apache.maven.surefire.booter.ForkedBooter.run(ForkedBooter.java:507)
	at org.apache.maven.surefire.booter.ForkedBooter.main(ForkedBooter.java:495)
]]></failure>
    <system-out><![CDATA[[]
]]></system-out>
  </testcase>
  <testcase name="getNameAndEmailByIdUsingGPath" classname="XMLAPIs.XMLPathTest" time="0.998">
    <failure message="Name mismatch expected [Chakrika Naik] but found []" type="java.lang.AssertionError"><![CDATA[java.lang.AssertionError: Name mismatch expected [Chakrika Naik] but found []
	at org.testng.Assert.fail(Assert.java:97)
	at org.testng.Assert.assertEqualsImpl(Assert.java:136)
	at org.testng.Assert.assertEquals(Assert.java:118)
	at org.testng.Assert.assertEquals(Assert.java:575)
	at XMLAPIs.XMLPathTest.getNameAndEmailByIdUsingGPath(XMLPathTest.java:215)
	at java.base/jdk.internal.reflect.NativeMethodAccessorImpl.invoke0(Native Method)
	at java.base/jdk.internal.reflect.NativeMethodAccessorImpl.invoke(NativeMethodAccessorImpl.java:62)
	at java.base/jdk.internal.reflect.DelegatingMethodAccessorImpl.invoke(DelegatingMethodAccessorImpl.java:43)
	at java.base/java.lang.reflect.Method.invoke(Method.java:566)
	at org.testng.internal.MethodInvocationHelper.invokeMethod(MethodInvocationHelper.java:133)
	at org.testng.internal.TestInvoker.invokeMethod(TestInvoker.java:584)
	at org.testng.internal.TestInvoker.invokeTestMethod(TestInvoker.java:172)
	at org.testng.internal.MethodRunner.runInSequence(MethodRunner.java:46)
	at org.testng.internal.TestInvoker$MethodInvocationAgent.invoke(TestInvoker.java:804)
	at org.testng.internal.TestInvoker.invokeTestMethods(TestInvoker.java:145)
	at org.testng.internal.TestMethodWorker.invokeTestMethods(TestMethodWorker.java:146)
	at org.testng.internal.TestMethodWorker.run(TestMethodWorker.java:128)
	at java.base/java.util.ArrayList.forEach(ArrayList.java:1541)
	at org.testng.TestRunner.privateRun(TestRunner.java:770)
	at org.testng.TestRunner.run(TestRunner.java:591)
	at org.testng.SuiteRunner.runTest(SuiteRunner.java:402)
	at org.testng.SuiteRunner.runSequentially(SuiteRunner.java:396)
	at org.testng.SuiteRunner.privateRun(SuiteRunner.java:355)
	at org.testng.SuiteRunner.run(SuiteRunner.java:304)
	at org.testng.SuiteRunnerWorker.runSuite(SuiteRunnerWorker.java:53)
	at org.testng.SuiteRunnerWorker.run(SuiteRunnerWorker.java:96)
	at org.testng.TestNG.runSuitesSequentially(TestNG.java:1180)
	at org.testng.TestNG.runSuitesLocally(TestNG.java:1102)
	at org.testng.TestNG.runSuites(TestNG.java:1032)
	at org.testng.TestNG.run(TestNG.java:1000)
	at org.apache.maven.surefire.testng.TestNGExecutor.run(TestNGExecutor.java:155)
	at org.apache.maven.surefire.testng.TestNGDirectoryTestSuite.executeMulti(TestNGDirectoryTestSuite.java:169)
	at org.apache.maven.surefire.testng.TestNGDirectoryTestSuite.execute(TestNGDirectoryTestSuite.java:88)
	at org.apache.maven.surefire.testng.TestNGProvider.invoke(TestNGProvider.java:137)
	at org.apache.maven.surefire.booter.ForkedBooter.runSuitesInProcess(ForkedBooter.java:385)
	at org.apache.maven.surefire.booter.ForkedBooter.execute(ForkedBooter.java:162)
	at org.apache.maven.surefire.booter.ForkedBooter.run(ForkedBooter.java:507)
	at org.apache.maven.surefire.booter.ForkedBooter.main(ForkedBooter.java:495)
]]></failure>
    <system-out><![CDATA[

]]></system-out>
  </testcase>
  <testcase name="getNameEmailAndIdTypeByIdUsingGPath" classname="XMLAPIs.XMLPathTest" time="0.951">
    <failure message="Name mismatch expected [Chakrika Naik] but found []" type="java.lang.AssertionError"><![CDATA[java.lang.AssertionError: Name mismatch expected [Chakrika Naik] but found []
	at org.testng.Assert.fail(Assert.java:97)
	at org.testng.Assert.assertEqualsImpl(Assert.java:136)
	at org.testng.Assert.assertEquals(Assert.java:118)
	at org.testng.Assert.assertEquals(Assert.java:575)
	at XMLAPIs.XMLPathTest.getNameEmailAndIdTypeByIdUsingGPath(XMLPathTest.java:241)
	at java.base/jdk.internal.reflect.NativeMethodAccessorImpl.invoke0(Native Method)
	at java.base/jdk.internal.reflect.NativeMethodAccessorImpl.invoke(NativeMethodAccessorImpl.java:62)
	at java.base/jdk.internal.reflect.DelegatingMethodAccessorImpl.invoke(DelegatingMethodAccessorImpl.java:43)
	at java.base/java.lang.reflect.Method.invoke(Method.java:566)
	at org.testng.internal.MethodInvocationHelper.invokeMethod(MethodInvocationHelper.java:133)
	at org.testng.internal.TestInvoker.invokeMethod(TestInvoker.java:584)
	at org.testng.internal.TestInvoker.invokeTestMethod(TestInvoker.java:172)
	at org.testng.internal.MethodRunner.runInSequence(MethodRunner.java:46)
	at org.testng.internal.TestInvoker$MethodInvocationAgent.invoke(TestInvoker.java:804)
	at org.testng.internal.TestInvoker.invokeTestMethods(TestInvoker.java:145)
	at org.testng.internal.TestMethodWorker.invokeTestMethods(TestMethodWorker.java:146)
	at org.testng.internal.TestMethodWorker.run(TestMethodWorker.java:128)
	at java.base/java.util.ArrayList.forEach(ArrayList.java:1541)
	at org.testng.TestRunner.privateRun(TestRunner.java:770)
	at org.testng.TestRunner.run(TestRunner.java:591)
	at org.testng.SuiteRunner.runTest(SuiteRunner.java:402)
	at org.testng.SuiteRunner.runSequentially(SuiteRunner.java:396)
	at org.testng.SuiteRunner.privateRun(SuiteRunner.java:355)
	at org.testng.SuiteRunner.run(SuiteRunner.java:304)
	at org.testng.SuiteRunnerWorker.runSuite(SuiteRunnerWorker.java:53)
	at org.testng.SuiteRunnerWorker.run(SuiteRunnerWorker.java:96)
	at org.testng.TestNG.runSuitesSequentially(TestNG.java:1180)
	at org.testng.TestNG.runSuitesLocally(TestNG.java:1102)
	at org.testng.TestNG.runSuites(TestNG.java:1032)
	at org.testng.TestNG.run(TestNG.java:1000)
	at org.apache.maven.surefire.testng.TestNGExecutor.run(TestNGExecutor.java:155)
	at org.apache.maven.surefire.testng.TestNGDirectoryTestSuite.executeMulti(TestNGDirectoryTestSuite.java:169)
	at org.apache.maven.surefire.testng.TestNGDirectoryTestSuite.execute(TestNGDirectoryTestSuite.java:88)
	at org.apache.maven.surefire.testng.TestNGProvider.invoke(TestNGProvider.java:137)
	at org.apache.maven.surefire.booter.ForkedBooter.runSuitesInProcess(ForkedBooter.java:385)
	at org.apache.maven.surefire.booter.ForkedBooter.execute(ForkedBooter.java:162)
	at org.apache.maven.surefire.booter.ForkedBooter.run(ForkedBooter.java:507)
	at org.apache.maven.surefire.booter.ForkedBooter.main(ForkedBooter.java:495)
]]></failure>
    <system-out><![CDATA[


null
]]></system-out>
  </testcase>
  <testcase name="testFetchUserById" classname="XMLAPIs.XMLPathTest" time="0.68">
    <system-out><![CDATA[Name: 
Email: 
]]></system-out>
  </testcase>
  <testcase name="testFetchUserIdByName" classname="XMLAPIs.XMLPathTest" time="0.943">
    <system-out><![CDATA[User ID for Gemine Marar: 
]]></system-out>
  </testcase>
  <testcase name="xmlPathTest" classname="XMLAPIs.XMLPathTest" time="0.349">
    <system-out><![CDATA[<?xml version="1.0" encoding="utf-8"?>
<?xml-stylesheet type="text/xsl" href="/schemas/mrd-1.5.xsl"?>
<MRData xmlns="http://ergast.com/mrd/1.5" series="f1" url="http://ergast.com/api/f1/2017/circuits.xml" limit="30" offset="0" total="20">
	<CircuitTable season="2017">
		<Circuit circuitId="albert_park" url="http://en.wikipedia.org/wiki/Melbourne_Grand_Prix_Circuit">
			<CircuitName>Albert Park Grand Prix Circuit</CircuitName>
			<Location lat="-37.8497" long="144.968">
				<Locality>Melbourne</Locality>
				<Country>Australia</Country>
			</Location>
		</Circuit>
		<Circuit circuitId="americas" url="http://en.wikipedia.org/wiki/Circuit_of_the_Americas">
			<CircuitName>Circuit of the Americas</CircuitName>
			<Location lat="30.1328" long="-97.6411">
				<Locality>Austin</Locality>
				<Country>USA</Country>
			</Location>
		</Circuit>
		<Circuit circuitId="bahrain" url="http://en.wikipedia.org/wiki/Bahrain_International_Circuit">
			<CircuitName>Bahrain International Circuit</CircuitName>
			<Location lat="26.0325" long="50.5106">
				<Locality>Sakhir</Locality>
				<Country>Bahrain</Country>
			</Location>
		</Circuit>
		<Circuit circuitId="baku" url="http://en.wikipedia.org/wiki/Baku_City_Circuit">
			<CircuitName>Baku City Circuit</CircuitName>
			<Location lat="40.3725" long="49.8533">
				<Locality>Baku</Locality>
				<Country>Azerbaijan</Country>
			</Location>
		</Circuit>
		<Circuit circuitId="catalunya" url="http://en.wikipedia.org/wiki/Circuit_de_Barcelona-Catalunya">
			<CircuitName>Circuit de Barcelona-Catalunya</CircuitName>
			<Location lat="41.57" long="2.26111">
				<Locality>Montmeló</Locality>
				<Country>Spain</Country>
			</Location>
		</Circuit>
		<Circuit circuitId="hungaroring" url="http://en.wikipedia.org/wiki/Hungaroring">
			<CircuitName>Hungaroring</CircuitName>
			<Location lat="47.5789" long="19.2486">
				<Locality>Budapest</Locality>
				<Country>Hungary</Country>
			</Location>
		</Circuit>
		<Circuit circuitId="interlagos" url="http://en.wikipedia.org/wiki/Aut%C3%B3dromo_Jos%C3%A9_Carlos_Pace">
			<CircuitName>Autódromo José Carlos Pace</CircuitName>
			<Location lat="-23.7036" long="-46.6997">
				<Locality>São Paulo</Locality>
				<Country>Brazil</Country>
			</Location>
		</Circuit>
		<Circuit circuitId="marina_bay" url="http://en.wikipedia.org/wiki/Marina_Bay_Street_Circuit">
			<CircuitName>Marina Bay Street Circuit</CircuitName>
			<Location lat="1.2914" long="103.864">
				<Locality>Marina Bay</Locality>
				<Country>Singapore</Country>
			</Location>
		</Circuit>
		<Circuit circuitId="monaco" url="http://en.wikipedia.org/wiki/Circuit_de_Monaco">
			<CircuitName>Circuit de Monaco</CircuitName>
			<Location lat="43.7347" long="7.42056">
				<Locality>Monte-Carlo</Locality>
				<Country>Monaco</Country>
			</Location>
		</Circuit>
		<Circuit circuitId="monza" url="http://en.wikipedia.org/wiki/Autodromo_Nazionale_Monza">
			<CircuitName>Autodromo Nazionale di Monza</CircuitName>
			<Location lat="45.6156" long="9.28111">
				<Locality>Monza</Locality>
				<Country>Italy</Country>
			</Location>
		</Circuit>
		<Circuit circuitId="red_bull_ring" url="http://en.wikipedia.org/wiki/Red_Bull_Ring">
			<CircuitName>Red Bull Ring</CircuitName>
			<Location lat="47.2197" long="14.7647">
				<Locality>Spielberg</Locality>
				<Country>Austria</Country>
			</Location>
		</Circuit>
		<Circuit circuitId="rodriguez" url="http://en.wikipedia.org/wiki/Aut%C3%B3dromo_Hermanos_Rodr%C3%ADguez">
			<CircuitName>Autódromo Hermanos Rodríguez</CircuitName>
			<Location lat="19.4042" long="-99.0907">
				<Locality>Mexico City</Locality>
				<Country>Mexico</Country>
			</Location>
		</Circuit>
		<Circuit circuitId="sepang" url="http://en.wikipedia.org/wiki/Sepang_International_Circuit">
			<CircuitName>Sepang International Circuit</CircuitName>
			<Location lat="2.76083" long="101.738">
				<Locality>Kuala Lumpur</Locality>
				<Country>Malaysia</Country>
			</Location>
		</Circuit>
		<Circuit circuitId="shanghai" url="http://en.wikipedia.org/wiki/Shanghai_International_Circuit">
			<CircuitName>Shanghai International Circuit</CircuitName>
			<Location lat="31.3389" long="121.22">
				<Locality>Shanghai</Locality>
				<Country>China</Country>
			</Location>
		</Circuit>
		<Circuit circuitId="silverstone" url="http://en.wikipedia.org/wiki/Silverstone_Circuit">
			<CircuitName>Silverstone Circuit</CircuitName>
			<Location lat="52.0786" long="-1.01694">
				<Locality>Silverstone</Locality>
				<Country>UK</Country>
			</Location>
		</Circuit>
		<Circuit circuitId="sochi" url="http://en.wikipedia.org/wiki/Sochi_Autodrom">
			<CircuitName>Sochi Autodrom</CircuitName>
			<Location lat="43.4057" long="39.9578">
				<Locality>Sochi</Locality>
				<Country>Russia</Country>
			</Location>
		</Circuit>
		<Circuit circuitId="spa" url="http://en.wikipedia.org/wiki/Circuit_de_Spa-Francorchamps">
			<CircuitName>Circuit de Spa-Francorchamps</CircuitName>
			<Location lat="50.4372" long="5.97139">
				<Locality>Spa</Locality>
				<Country>Belgium</Country>
			</Location>
		</Circuit>
		<Circuit circuitId="suzuka" url="http://en.wikipedia.org/wiki/Suzuka_Circuit">
			<CircuitName>Suzuka Circuit</CircuitName>
			<Location lat="34.8431" long="136.541">
				<Locality>Suzuka</Locality>
				<Country>Japan</Country>
			</Location>
		</Circuit>
		<Circuit circuitId="villeneuve" url="http://en.wikipedia.org/wiki/Circuit_Gilles_Villeneuve">
			<CircuitName>Circuit Gilles Villeneuve</CircuitName>
			<Location lat="45.5" long="-73.5228">
				<Locality>Montreal</Locality>
				<Country>Canada</Country>
			</Location>
		</Circuit>
		<Circuit circuitId="yas_marina" url="http://en.wikipedia.org/wiki/Yas_Marina_Circuit">
			<CircuitName>Yas Marina Circuit</CircuitName>
			<Location lat="24.4672" long="54.6031">
				<Locality>Abu Dhabi</Locality>
				<Country>UAE</Country>
			</Location>
		</Circuit>
	</CircuitTable>
</MRData>

albert_park
americas
bahrain
baku
catalunya
hungaroring
interlagos
marina_bay
monaco
monza
red_bull_ring
rodriguez
sepang
shanghai
silverstone
sochi
spa
suzuka
villeneuve
yas_marina
--------------
26.0325
50.5106
--------------
http://en.wikipedia.org/wiki/Circuit_of_the_Americas
--------------
]]></system-out>
  </testcase>
  <testcase name="xmlTest" classname="XMLAPIs.XMLPathTest" time="0.032">
    <system-out><![CDATA[total circuits: 20
--------------------
Albert Park Grand Prix Circuit
Circuit of the Americas
Bahrain International Circuit
Baku City Circuit
Circuit de Barcelona-Catalunya
Hungaroring
Autódromo José Carlos Pace
Marina Bay Street Circuit
Circuit de Monaco
Autodromo Nazionale di Monza
Red Bull Ring
Autódromo Hermanos Rodríguez
Sepang International Circuit
Shanghai International Circuit
Silverstone Circuit
Sochi Autodrom
Circuit de Spa-Francorchamps
Suzuka Circuit
Circuit Gilles Villeneuve
Yas Marina Circuit
----
Austin
]]></system-out>
  </testcase>
  <testcase name="xmlTest_With_XMLResponse_Desrialization" classname="XMLAPIs.XMLPathTest" time="0.641">
    <system-out><![CDATA[f1
2017
]]></system-out>
  </testcase>
  <testcase name="createBookingTest" classname="BookingAPITests.BookingApiFeatureTests" time="1.365">
    <system-out><![CDATA[Request method:	POST
Request URI:	https://restful-booker.herokuapp.com/auth
Proxy:			<none>
Request params:	<none>
Query params:	<none>
Form params:	<none>
Path params:	<none>
Headers:		Accept=*/*
				Content-Type=application/json
Cookies:		<none>
Multiparts:		<none>
Body:
./src/test/resources/jsons/auth.json
Request method:	POST
Request URI:	https://restful-booker.herokuapp.com/auth
Proxy:			<none>
Request params:	<none>
Query params:	<none>
Form params:	<none>
Path params:	<none>
Headers:		Accept=*/*
				Content-Type=application/json
Cookies:		<none>
Multiparts:		<none>
Body:
./src/test/resources/jsons/auth.json
HTTP/1.1 200 OK
Server: Cowboy
Report-To: {"group":"heroku-nel","max_age":3600,"endpoints":[{"url":"https://nel.heroku.com/reports?ts=1744655814&sid=c46efe9b-d3d2-4a0c-8c76-bfafa16c5add&s=9GgCMv8FbaiVnwzlnGelnVsqNInZuiCId6AUqmx411c%3D"}]}
Reporting-Endpoints: heroku-nel=https://nel.heroku.com/reports?ts=1744655814&sid=c46efe9b-d3d2-4a0c-8c76-bfafa16c5add&s=9GgCMv8FbaiVnwzlnGelnVsqNInZuiCId6AUqmx411c%3D
Nel: {"report_to":"heroku-nel","max_age":3600,"success_fraction":0.005,"failure_fraction":0.05,"response_headers":["Via"]}
Connection: keep-alive
X-Powered-By: Express
Content-Type: application/json; charset=utf-8
Content-Length: 27
Etag: W/"1b-6swhU4qImi3ATwWHMmB9WD1772s"
Date: Mon, 14 Apr 2025 18:36:55 GMT
Via: 1.1 vegur

{
    "token": "c6d98e418685e70"
}
tokenId ==>c6d98e418685e70
booking id: 3063
]]></system-out>
  </testcase>
  <testcase name="deleteBookingTest" classname="BookingAPITests.BookingApiFeatureTests" time="3.945">
    <system-out><![CDATA[Request method:	POST
Request URI:	https://restful-booker.herokuapp.com/auth
Proxy:			<none>
Request params:	<none>
Query params:	<none>
Form params:	<none>
Path params:	<none>
Headers:		Accept=*/*
				Content-Type=application/json
Cookies:		<none>
Multiparts:		<none>
Body:
./src/test/resources/jsons/auth.json
Request method:	POST
Request URI:	https://restful-booker.herokuapp.com/auth
Proxy:			<none>
Request params:	<none>
Query params:	<none>
Form params:	<none>
Path params:	<none>
Headers:		Accept=*/*
				Content-Type=application/json
Cookies:		<none>
Multiparts:		<none>
Body:
./src/test/resources/jsons/auth.json
HTTP/1.1 200 OK
Server: Cowboy
Report-To: {"group":"heroku-nel","max_age":3600,"endpoints":[{"url":"https://nel.heroku.com/reports?ts=1744655817&sid=c46efe9b-d3d2-4a0c-8c76-bfafa16c5add&s=SRS9kZ7e%2FMAh%2BzTNL6ovxj7XFX54wO4TUw%2BMSA5bxu4%3D"}]}
Reporting-Endpoints: heroku-nel=https://nel.heroku.com/reports?ts=1744655817&sid=c46efe9b-d3d2-4a0c-8c76-bfafa16c5add&s=SRS9kZ7e%2FMAh%2BzTNL6ovxj7XFX54wO4TUw%2BMSA5bxu4%3D
Nel: {"report_to":"heroku-nel","max_age":3600,"success_fraction":0.005,"failure_fraction":0.05,"response_headers":["Via"]}
Connection: keep-alive
X-Powered-By: Express
Content-Type: application/json; charset=utf-8
Content-Length: 27
Etag: W/"1b-/RkvfTZb7idBuHujzF4pPehzB/E"
Date: Mon, 14 Apr 2025 18:36:57 GMT
Via: 1.1 vegur

{
    "token": "4b76a33deb9e713"
}
tokenId ==>4b76a33deb9e713
booking id: 3087
Request method:	GET
Request URI:	https://restful-booker.herokuapp.com/booking/3087
Proxy:			<none>
Request params:	<none>
Query params:	<none>
Form params:	<none>
Path params:	bookingId=3087
Headers:		Accept=*/*
Cookies:		<none>
Multiparts:		<none>
Body:			<none>
HTTP/1.1 200 OK
Server: Cowboy
Report-To: {"group":"heroku-nel","max_age":3600,"endpoints":[{"url":"https://nel.heroku.com/reports?ts=1744655820&sid=c46efe9b-d3d2-4a0c-8c76-bfafa16c5add&s=W4X0FTWRVd7jQgBwioVsWm4AoFjyVBHtFR1Xr9VUiHc%3D"}]}
Reporting-Endpoints: heroku-nel=https://nel.heroku.com/reports?ts=1744655820&sid=c46efe9b-d3d2-4a0c-8c76-bfafa16c5add&s=W4X0FTWRVd7jQgBwioVsWm4AoFjyVBHtFR1Xr9VUiHc%3D
Nel: {"report_to":"heroku-nel","max_age":3600,"success_fraction":0.005,"failure_fraction":0.05,"response_headers":["Via"]}
Connection: keep-alive
X-Powered-By: Express
Content-Type: application/json; charset=utf-8
Content-Length: 168
Etag: W/"a8-p5uB2C7mxZA3HXJZF+tJCDJr8VE"
Date: Mon, 14 Apr 2025 18:37:00 GMT
Via: 1.1 vegur

{
    "firstname": "Jim",
    "lastname": "Brown",
    "totalprice": 111,
    "depositpaid": true,
    "bookingdates": {
        "checkin": "2018-01-01",
        "checkout": "2019-01-01"
    },
    "additionalneeds": "Breakfast"
}
Request method:	DELETE
Request URI:	https://restful-booker.herokuapp.com/booking/3087
Proxy:			<none>
Request params:	<none>
Query params:	<none>
Form params:	<none>
Path params:	bookingId=3087
Headers:		Cookie=token=4b76a33deb9e713
				Accept=*/*
				Content-Type=application/json
Cookies:		<none>
Multiparts:		<none>
Body:			<none>
HTTP/1.1 201 Created
Server: Cowboy
Report-To: {"group":"heroku-nel","max_age":3600,"endpoints":[{"url":"https://nel.heroku.com/reports?ts=1744655821&sid=c46efe9b-d3d2-4a0c-8c76-bfafa16c5add&s=3Jb7l79VZGz%2BGAW54RGMkOJ2tMHuycGTAzUf4%2FrEnOA%3D"}]}
Reporting-Endpoints: heroku-nel=https://nel.heroku.com/reports?ts=1744655821&sid=c46efe9b-d3d2-4a0c-8c76-bfafa16c5add&s=3Jb7l79VZGz%2BGAW54RGMkOJ2tMHuycGTAzUf4%2FrEnOA%3D
Nel: {"report_to":"heroku-nel","max_age":3600,"success_fraction":0.005,"failure_fraction":0.05,"response_headers":["Via"]}
Connection: keep-alive
X-Powered-By: Express
Content-Type: text/plain; charset=utf-8
Content-Length: 7
Etag: W/"7-rM9AyJuqT6iOan/xHh+AW+7K/T8"
Date: Mon, 14 Apr 2025 18:37:01 GMT
Via: 1.1 vegur

Created
]]></system-out>
  </testcase>
  <testcase name="getBookingIdTest" classname="BookingAPITests.BookingApiFeatureTests" time="2.7">
    <system-out><![CDATA[Request method:	POST
Request URI:	https://restful-booker.herokuapp.com/auth
Proxy:			<none>
Request params:	<none>
Query params:	<none>
Form params:	<none>
Path params:	<none>
Headers:		Accept=*/*
				Content-Type=application/json
Cookies:		<none>
Multiparts:		<none>
Body:
./src/test/resources/jsons/auth.json
Request method:	POST
Request URI:	https://restful-booker.herokuapp.com/auth
Proxy:			<none>
Request params:	<none>
Query params:	<none>
Form params:	<none>
Path params:	<none>
Headers:		Accept=*/*
				Content-Type=application/json
Cookies:		<none>
Multiparts:		<none>
Body:
./src/test/resources/jsons/auth.json
HTTP/1.1 200 OK
Server: Cowboy
Report-To: {"group":"heroku-nel","max_age":3600,"endpoints":[{"url":"https://nel.heroku.com/reports?ts=1744655823&sid=c46efe9b-d3d2-4a0c-8c76-bfafa16c5add&s=96n8N1byAtjGwdk9VqT2ryuCuLgeXJ1tc2PjTtbm29E%3D"}]}
Reporting-Endpoints: heroku-nel=https://nel.heroku.com/reports?ts=1744655823&sid=c46efe9b-d3d2-4a0c-8c76-bfafa16c5add&s=96n8N1byAtjGwdk9VqT2ryuCuLgeXJ1tc2PjTtbm29E%3D
Nel: {"report_to":"heroku-nel","max_age":3600,"success_fraction":0.005,"failure_fraction":0.05,"response_headers":["Via"]}
Connection: keep-alive
X-Powered-By: Express
Content-Type: application/json; charset=utf-8
Content-Length: 27
Etag: W/"1b-M5cGi536Lh36dgaQJMIwUx/Eg7I"
Date: Mon, 14 Apr 2025 18:37:03 GMT
Via: 1.1 vegur

{
    "token": "96e3842a17f96c9"
}
tokenId ==>96e3842a17f96c9
booking id: 3144
Request method:	GET
Request URI:	https://restful-booker.herokuapp.com/booking/3144
Proxy:			<none>
Request params:	<none>
Query params:	<none>
Form params:	<none>
Path params:	bookingId=3144
Headers:		Accept=*/*
Cookies:		<none>
Multiparts:		<none>
Body:			<none>
HTTP/1.1 200 OK
Server: Cowboy
Report-To: {"group":"heroku-nel","max_age":3600,"endpoints":[{"url":"https://nel.heroku.com/reports?ts=1744655826&sid=c46efe9b-d3d2-4a0c-8c76-bfafa16c5add&s=YcTIjOrPT607%2Fca1GKFluc6u24bLdyLzbIKOO8dYdEA%3D"}]}
Reporting-Endpoints: heroku-nel=https://nel.heroku.com/reports?ts=1744655826&sid=c46efe9b-d3d2-4a0c-8c76-bfafa16c5add&s=YcTIjOrPT607%2Fca1GKFluc6u24bLdyLzbIKOO8dYdEA%3D
Nel: {"report_to":"heroku-nel","max_age":3600,"success_fraction":0.005,"failure_fraction":0.05,"response_headers":["Via"]}
Connection: keep-alive
X-Powered-By: Express
Content-Type: application/json; charset=utf-8
Content-Length: 168
Etag: W/"a8-p5uB2C7mxZA3HXJZF+tJCDJr8VE"
Date: Mon, 14 Apr 2025 18:37:06 GMT
Via: 1.1 vegur

{
    "firstname": "Jim",
    "lastname": "Brown",
    "totalprice": 111,
    "depositpaid": true,
    "bookingdates": {
        "checkin": "2018-01-01",
        "checkout": "2019-01-01"
    },
    "additionalneeds": "Breakfast"
}
]]></system-out>
  </testcase>
  <testcase name="getBookingIdsTest" classname="BookingAPITests.BookingApiFeatureTests" time="1.687">
    <system-out><![CDATA[Request method:	POST
Request URI:	https://restful-booker.herokuapp.com/auth
Proxy:			<none>
Request params:	<none>
Query params:	<none>
Form params:	<none>
Path params:	<none>
Headers:		Accept=*/*
				Content-Type=application/json
Cookies:		<none>
Multiparts:		<none>
Body:
./src/test/resources/jsons/auth.json
Request method:	POST
Request URI:	https://restful-booker.herokuapp.com/auth
Proxy:			<none>
Request params:	<none>
Query params:	<none>
Form params:	<none>
Path params:	<none>
Headers:		Accept=*/*
				Content-Type=application/json
Cookies:		<none>
Multiparts:		<none>
Body:
./src/test/resources/jsons/auth.json
HTTP/1.1 200 OK
Server: Cowboy
Report-To: {"group":"heroku-nel","max_age":3600,"endpoints":[{"url":"https://nel.heroku.com/reports?ts=1744655827&sid=c46efe9b-d3d2-4a0c-8c76-bfafa16c5add&s=F1WjiaWykKQ1FqqThCCS4yq0iIbGTvplWs9%2FTiLa3a8%3D"}]}
Reporting-Endpoints: heroku-nel=https://nel.heroku.com/reports?ts=1744655827&sid=c46efe9b-d3d2-4a0c-8c76-bfafa16c5add&s=F1WjiaWykKQ1FqqThCCS4yq0iIbGTvplWs9%2FTiLa3a8%3D
Nel: {"report_to":"heroku-nel","max_age":3600,"success_fraction":0.005,"failure_fraction":0.05,"response_headers":["Via"]}
Connection: keep-alive
X-Powered-By: Express
Content-Type: application/json; charset=utf-8
Content-Length: 27
Etag: W/"1b-kmPa1NelGxYmHyym/XUG/2Bk6Z4"
Date: Mon, 14 Apr 2025 18:37:07 GMT
Via: 1.1 vegur

{
    "token": "9727028387c7366"
}
tokenId ==>9727028387c7366
Request method:	GET
Request URI:	https://restful-booker.herokuapp.com/booking
Proxy:			<none>
Request params:	<none>
Query params:	<none>
Form params:	<none>
Path params:	<none>
Headers:		Accept=*/*
Cookies:		<none>
Multiparts:		<none>
Body:			<none>
HTTP/1.1 200 OK
Server: Cowboy
Report-To: {"group":"heroku-nel","max_age":3600,"endpoints":[{"url":"https://nel.heroku.com/reports?ts=1744655828&sid=c46efe9b-d3d2-4a0c-8c76-bfafa16c5add&s=6QfGcAYdWQtfzD3OVNN%2BoluvuYqrSikVIC1buJst9Ko%3D"}]}
Reporting-Endpoints: heroku-nel=https://nel.heroku.com/reports?ts=1744655828&sid=c46efe9b-d3d2-4a0c-8c76-bfafa16c5add&s=6QfGcAYdWQtfzD3OVNN%2BoluvuYqrSikVIC1buJst9Ko%3D
Nel: {"report_to":"heroku-nel","max_age":3600,"success_fraction":0.005,"failure_fraction":0.05,"response_headers":["Via"]}
Connection: keep-alive
X-Powered-By: Express
Content-Type: application/json; charset=utf-8
Content-Length: 41119
Etag: W/"a09f-80qboe04EK/WxP+Rt9o4Bc/nMx8"
Date: Mon, 14 Apr 2025 18:37:08 GMT
Via: 1.1 vegur

[
    {
        "bookingid": 923
    },
    {
        "bookingid": 1371
    },
    {
        "bookingid": 427
    },
    {
        "bookingid": 1300
    },
    {
        "bookingid": 615
    },
    {
        "bookingid": 2371
    },
    {
        "bookingid": 400
    },
    {
        "bookingid": 2661
    },
    {
        "bookingid": 1083
    },
    {
        "bookingid": 1218
    },
    {
        "bookingid": 2615
    },
    {
        "bookingid": 2293
    },
    {
        "bookingid": 1930
    },
    {
        "bookingid": 841
    },
    {
        "bookingid": 2802
    },
    {
        "bookingid": 1955
    },
    {
        "bookingid": 1299
    },
    {
        "bookingid": 1359
    },
    {
        "bookingid": 1088
    },
    {
        "bookingid": 1847
    },
    {
        "bookingid": 2354
    },
    {
        "bookingid": 734
    },
    {
        "bookingid": 621
    },
    {
        "bookingid": 649
    },
    {
        "bookingid": 2616
    },
    {
        "bookingid": 160
    },
    {
        "bookingid": 2229
    },
    {
        "bookingid": 2301
    },
    {
        "bookingid": 1565
    },
    {
        "bookingid": 2291
    },
    {
        "bookingid": 678
    },
    {
        "bookingid": 141
    },
    {
        "bookingid": 1654
    },
    {
        "bookingid": 1028
    },
    {
        "bookingid": 2280
    },
    {
        "bookingid": 135
    },
    {
        "bookingid": 3008
    },
    {
        "bookingid": 2220
    },
    {
        "bookingid": 41
    },
    {
        "bookingid": 344
    },
    {
        "bookingid": 1146
    },
    {
        "bookingid": 2206
    },
    {
        "bookingid": 2190
    },
    {
        "bookingid": 1061
    },
    {
        "bookingid": 679
    },
    {
        "bookingid": 1313
    },
    {
        "bookingid": 2096
    },
    {
        "bookingid": 2309
    },
    {
        "bookingid": 2144
    },
    {
        "bookingid": 100
    },
    {
        "bookingid": 1880
    },
    {
        "bookingid": 2003
    },
    {
        "bookingid": 1228
    },
    {
        "bookingid": 3103
    },
    {
        "bookingid": 406
    },
    {
        "bookingid": 1984
    },
    {
        "bookingid": 329
    },
    {
        "bookingid": 3091
    },
    {
        "bookingid": 688
    },
    {
        "bookingid": 2075
    },
    {
        "bookingid": 44
    },
    {
        "bookingid": 1756
    },
    {
        "bookingid": 921
    },
    {
        "bookingid": 2295
    },
    {
        "bookingid": 276
    },
    {
        "bookingid": 691
    },
    {
        "bookingid": 402
    },
    {
        "bookingid": 1953
    },
    {
        "bookingid": 839
    },
    {
        "bookingid": 2831
    },
    {
        "bookingid": 2370
    },
    {
        "bookingid": 1998
    },
    {
        "bookingid": 1207
    },
    {
        "bookingid": 1027
    },
    {
        "bookingid": 1627
    },
    {
        "bookingid": 926
    },
    {
        "bookingid": 2718
    },
    {
        "bookingid": 121
    },
    {
        "bookingid": 2579
    },
    {
        "bookingid": 539
    },
    {
        "bookingid": 2599
    },
    {
        "bookingid": 2195
    },
    {
        "bookingid": 2145
    },
    {
        "bookingid": 257
    },
    {
        "bookingid": 1924
    },
    {
        "bookingid": 357
    },
    {
        "bookingid": 1075
    },
    {
        "bookingid": 856
    },
    {
        "bookingid": 2014
    },
    {
        "bookingid": 2080
    },
    {
        "bookingid": 1511
    },
    {
        "bookingid": 2945
    },
    {
        "bookingid": 1415
    },
    {
        "bookingid": 1962
    },
    {
        "bookingid": 3138
    },
    {
        "bookingid": 2927
    },
    {
        "bookingid": 1388
    },
    {
        "bookingid": 1463
    },
    {
        "bookingid": 1676
    },
    {
        "bookingid": 984
    },
    {
        "bookingid": 1183
    },
    {
        "bookingid": 2180
    },
    {
        "bookingid": 76
    },
    {
        "bookingid": 3104
    },
    {
        "bookingid": 1692
    },
    {
        "bookingid": 1475
    },
    {
        "bookingid": 2021
    },
    {
        "bookingid": 2894
    },
    {
        "bookingid": 1540
    },
    {
        "bookingid": 603
    },
    {
        "bookingid": 414
    },
    {
        "bookingid": 3073
    },
    {
        "bookingid": 2787
    },
    {
        "bookingid": 2524
    },
    {
        "bookingid": 2955
    },
    {
        "bookingid": 1636
    },
    {
        "bookingid": 1614
    },
    {
        "bookingid": 2795
    },
    {
        "bookingid": 356
    },
    {
        "bookingid": 1694
    },
    {
        "bookingid": 2062
    },
    {
        "bookingid": 2485
    },
    {
        "bookingid": 2517
    },
    {
        "bookingid": 2488
    },
    {
        "bookingid": 1796
    },
    {
        "bookingid": 555
    },
    {
        "bookingid": 641
    },
    {
        "bookingid": 775
    },
    {
        "bookingid": 1458
    },
    {
        "bookingid": 1270
    },
    {
        "bookingid": 2720
    },
    {
        "bookingid": 2774
    },
    {
        "bookingid": 1875
    },
    {
        "bookingid": 1457
    },
    {
        "bookingid": 922
    },
    {
        "bookingid": 307
    },
    {
        "bookingid": 1792
    },
    {
        "bookingid": 3090
    },
    {
        "bookingid": 1757
    },
    {
        "bookingid": 2874
    },
    {
        "bookingid": 125
    },
    {
        "bookingid": 995
    },
    {
        "bookingid": 2094
    },
    {
        "bookingid": 3050
    },
    {
        "bookingid": 911
    },
    {
        "bookingid": 2538
    },
    {
        "bookingid": 1602
    },
    {
        "bookingid": 2343
    },
    {
        "bookingid": 2126
    },
    {
        "bookingid": 2898
    },
    {
        "bookingid": 95
    },
    {
        "bookingid": 1408
    },
    {
        "bookingid": 952
    },
    {
        "bookingid": 2694
    },
    {
        "bookingid": 771
    },
    {
        "bookingid": 1713
    },
    {
        "bookingid": 1753
    },
    {
        "bookingid": 3001
    },
    {
        "bookingid": 2837
    },
    {
        "bookingid": 456
    },
    {
        "bookingid": 1151
    },
    {
        "bookingid": 2452
    },
    {
        "bookingid": 2076
    },
    {
        "bookingid": 2532
    },
    {
        "bookingid": 2638
    },
    {
        "bookingid": 2576
    },
    {
        "bookingid": 2561
    },
    {
        "bookingid": 1611
    },
    {
        "bookingid": 2215
    },
    {
        "bookingid": 513
    },
    {
        "bookingid": 17
    },
    {
        "bookingid": 1474
    },
    {
        "bookingid": 2337
    },
    {
        "bookingid": 2270
    },
    {
        "bookingid": 556
    },
    {
        "bookingid": 2784
    },
    {
        "bookingid": 2155
    },
    {
        "bookingid": 2810
    },
    {
        "bookingid": 2627
    },
    {
        "bookingid": 2701
    },
    {
        "bookingid": 1822
    },
    {
        "bookingid": 434
    },
    {
        "bookingid": 1620
    },
    {
        "bookingid": 1640
    },
    {
        "bookingid": 2604
    },
    {
        "bookingid": 2125
    },
    {
        "bookingid": 3160
    },
    {
        "bookingid": 746
    },
    {
        "bookingid": 895
    },
    {
        "bookingid": 2868
    },
    {
        "bookingid": 475
    },
    {
        "bookingid": 277
    },
    {
        "bookingid": 1130
    },
    {
        "bookingid": 954
    },
    {
        "bookingid": 1214
    },
    {
        "bookingid": 1942
    },
    {
        "bookingid": 2091
    },
    {
        "bookingid": 2618
    },
    {
        "bookingid": 1702
    },
    {
        "bookingid": 2703
    },
    {
        "bookingid": 3101
    },
    {
        "bookingid": 3012
    },
    {
        "bookingid": 626
    },
    {
        "bookingid": 2210
    },
    {
        "bookingid": 978
    },
    {
        "bookingid": 1191
    },
    {
        "bookingid": 526
    },
    {
        "bookingid": 644
    },
    {
        "bookingid": 1807
    },
    {
        "bookingid": 1759
    },
    {
        "bookingid": 485
    },
    {
        "bookingid": 2052
    },
    {
        "bookingid": 2937
    },
    {
        "bookingid": 1383
    },
    {
        "bookingid": 808
    },
    {
        "bookingid": 1157
    },
    {
        "bookingid": 2786
    },
    {
        "bookingid": 1534
    },
    {
        "bookingid": 302
    },
    {
        "bookingid": 150
    },
    {
        "bookingid": 1369
    },
    {
        "bookingid": 819
    },
    {
        "bookingid": 1068
    },
    {
        "bookingid": 1609
    },
    {
        "bookingid": 2709
    },
    {
        "bookingid": 333
    },
    {
        "bookingid": 140
    },
    {
        "bookingid": 799
    },
    {
        "bookingid": 40
    },
    {
        "bookingid": 900
    },
    {
        "bookingid": 447
    },
    {
        "bookingid": 2879
    },
    {
        "bookingid": 2026
    },
    {
        "bookingid": 910
    },
    {
        "bookingid": 739
    },
    {
        "bookingid": 1934
    },
    {
        "bookingid": 425
    },
    {
        "bookingid": 457
    },
    {
        "bookingid": 1845
    },
    {
        "bookingid": 1952
    },
    {
        "bookingid": 2236
    },
    {
        "bookingid": 1538
    },
    {
        "bookingid": 2133
    },
    {
        "bookingid": 1366
    },
    {
        "bookingid": 2765
    },
    {
        "bookingid": 1736
    },
    {
        "bookingid": 791
    },
    {
        "bookingid": 2444
    },
    {
        "bookingid": 2479
    },
    {
        "bookingid": 2228
    },
    {
        "bookingid": 1951
    },
    {
        "bookingid": 507
    },
    {
        "bookingid": 1861
    },
    {
        "bookingid": 1888
    },
    {
        "bookingid": 1033
    },
    {
        "bookingid": 1241
    },
    {
        "bookingid": 1085
    },
    {
        "bookingid": 1809
    },
    {
        "bookingid": 2165
    },
    {
        "bookingid": 2143
    },
    {
        "bookingid": 2529
    },
    {
        "bookingid": 54
    },
    {
        "bookingid": 37
    },
    {
        "bookingid": 243
    },
    {
        "bookingid": 205
    },
    {
        "bookingid": 1913
    },
    {
        "bookingid": 2115
    },
    {
        "bookingid": 42
    },
    {
        "bookingid": 120
    },
    {
        "bookingid": 500
    },
    {
        "bookingid": 97
    },
    {
        "bookingid": 2569
    },
    {
        "bookingid": 1997
    },
    {
        "bookingid": 2741
    },
    {
        "bookingid": 267
    },
    {
        "bookingid": 2336
    },
    {
        "bookingid": 1500
    },
    {
        "bookingid": 2781
    },
    {
        "bookingid": 2745
    },
    {
        "bookingid": 2814
    },
    {
        "bookingid": 571
    },
    {
        "bookingid": 1815
    },
    {
        "bookingid": 2625
    },
    {
        "bookingid": 1308
    },
    {
        "bookingid": 2480
    },
    {
        "bookingid": 704
    },
    {
        "bookingid": 293
    },
    {
        "bookingid": 3173
    },
    {
        "bookingid": 1292
    },
    {
        "bookingid": 534
    },
    {
        "bookingid": 1689
    },
    {
        "bookingid": 478
    },
    {
        "bookingid": 916
    },
    {
        "bookingid": 1131
    },
    {
        "bookingid": 2
    },
    {
        "bookingid": 2512
    },
    {
        "bookingid": 2760
    },
    {
        "bookingid": 891
    },
    {
        "bookingid": 2382
    },
    {
        "bookingid": 3009
    },
    {
        "bookingid": 1877
    },
    {
        "bookingid": 2038
    },
    {
        "bookingid": 11
    },
    {
        "bookingid": 1717
    },
    {
        "bookingid": 2421
    },
    {
        "bookingid": 2089
    },
    {
        "bookingid": 566
    },
    {
        "bookingid": 2128
    },
    {
        "bookingid": 483
    },
    {
        "bookingid": 833
    },
    {
        "bookingid": 36
    },
    {
        "bookingid": 2212
    },
    {
        "bookingid": 1528
    },
    {
        "bookingid": 3061
    },
    {
        "bookingid": 2801
    },
    {
        "bookingid": 2742
    },
    {
        "bookingid": 200
    },
    {
        "bookingid": 908
    },
    {
        "bookingid": 1631
    },
    {
        "bookingid": 1964
    },
    {
        "bookingid": 115
    },
    {
        "bookingid": 1352
    },
    {
        "bookingid": 274
    },
    {
        "bookingid": 1983
    },
    {
        "bookingid": 2656
    },
    {
        "bookingid": 1496
    },
    {
        "bookingid": 3085
    },
    {
        "bookingid": 2691
    },
    {
        "bookingid": 2800
    },
    {
        "bookingid": 1272
    },
    {
        "bookingid": 188
    },
    {
        "bookingid": 2932
    },
    {
        "bookingid": 224
    },
    {
        "bookingid": 62
    },
    {
        "bookingid": 1745
    },
    {
        "bookingid": 407
    },
    {
        "bookingid": 2728
    },
    {
        "bookingid": 959
    },
    {
        "bookingid": 1344
    },
    {
        "bookingid": 822
    },
    {
        "bookingid": 966
    },
    {
        "bookingid": 961
    },
    {
        "bookingid": 321
    },
    {
        "bookingid": 859
    },
    {
        "bookingid": 145
    },
    {
        "bookingid": 879
    },
    {
        "bookingid": 1926
    },
    {
        "bookingid": 1743
    },
    {
        "bookingid": 1872
    },
    {
        "bookingid": 207
    },
    {
        "bookingid": 861
    },
    {
        "bookingid": 426
    },
    {
        "bookingid": 2461
    },
    {
        "bookingid": 3107
    },
    {
        "bookingid": 1623
    },
    {
        "bookingid": 1868
    },
    {
        "bookingid": 1705
    },
    {
        "bookingid": 1495
    },
    {
        "bookingid": 1813
    },
    {
        "bookingid": 1200
    },
    {
        "bookingid": 614
    },
    {
        "bookingid": 3172
    },
    {
        "bookingid": 102
    },
    {
        "bookingid": 3166
    },
    {
        "bookingid": 2157
    },
    {
        "bookingid": 2934
    },
    {
        "bookingid": 1563
    },
    {
        "bookingid": 541
    },
    {
        "bookingid": 1170
    },
    {
        "bookingid": 94
    },
    {
        "bookingid": 522
    },
    {
        "bookingid": 597
    },
    {
        "bookingid": 713
    },
    {
        "bookingid": 155
    },
    {
        "bookingid": 2312
    },
    {
        "bookingid": 2449
    },
    {
        "bookingid": 2712
    },
    {
        "bookingid": 229
    },
    {
        "bookingid": 354
    },
    {
        "bookingid": 2029
    },
    {
        "bookingid": 2137
    },
    {
        "bookingid": 378
    },
    {
        "bookingid": 305
    },
    {
        "bookingid": 1020
    },
    {
        "bookingid": 906
    },
    {
        "bookingid": 2197
    },
    {
        "bookingid": 953
    },
    {
        "bookingid": 2713
    },
    {
        "bookingid": 2523
    },
    {
        "bookingid": 1490
    },
    {
        "bookingid": 256
    },
    {
        "bookingid": 2097
    },
    {
        "bookingid": 2758
    },
    {
        "bookingid": 2755
    },
    {
        "bookingid": 2447
    },
    {
        "bookingid": 869
    },
    {
        "bookingid": 3000
    },
    {
        "bookingid": 2541
    },
    {
        "bookingid": 3130
    },
    {
        "bookingid": 1801
    },
    {
        "bookingid": 755
    },
    {
        "bookingid": 2902
    },
    {
        "bookingid": 2327
    },
    {
        "bookingid": 2792
    },
    {
        "bookingid": 2088
    },
    {
        "bookingid": 2497
    },
    {
        "bookingid": 2059
    },
    {
        "bookingid": 126
    },
    {
        "bookingid": 844
    },
    {
        "bookingid": 358
    },
    {
        "bookingid": 1321
    },
    {
        "bookingid": 1399
    },
    {
        "bookingid": 92
    },
    {
        "bookingid": 2983
    },
    {
        "bookingid": 2031
    },
    {
        "bookingid": 865
    },
    {
        "bookingid": 1309
    },
    {
        "bookingid": 1825
    },
    {
        "bookingid": 1484
    },
    {
        "bookingid": 63
    },
    {
        "bookingid": 2820
    },
    {
        "bookingid": 1000
    },
    {
        "bookingid": 2367
    },
    {
        "bookingid": 306
    },
    {
        "bookingid": 137
    },
    {
        "bookingid": 2420
    },
    {
        "bookingid": 938
    },
    {
        "bookingid": 170
    },
    {
        "bookingid": 937
    },
    {
        "bookingid": 2911
    },
    {
        "bookingid": 611
    },
    {
        "bookingid": 1136
    },
    {
        "bookingid": 1863
    },
    {
        "bookingid": 2849
    },
    {
        "bookingid": 164
    },
    {
        "bookingid": 1642
    },
    {
        "bookingid": 693
    },
    {
        "bookingid": 3043
    },
    {
        "bookingid": 892
    },
    {
        "bookingid": 2580
    },
    {
        "bookingid": 2928
    },
    {
        "bookingid": 468
    },
    {
        "bookingid": 750
    },
    {
        "bookingid": 638
    },
    {
        "bookingid": 278
    },
    {
        "bookingid": 482
    },
    {
        "bookingid": 1361
    },
    {
        "bookingid": 650
    },
    {
        "bookingid": 1545
    },
    {
        "bookingid": 167
    },
    {
        "bookingid": 214
    },
    {
        "bookingid": 1316
    },
    {
        "bookingid": 1141
    },
    {
        "bookingid": 2004
    },
    {
        "bookingid": 221
    },
    {
        "bookingid": 2965
    },
    {
        "bookingid": 1219
    },
    {
        "bookingid": 2140
    },
    {
        "bookingid": 162
    },
    {
        "bookingid": 1205
    },
    {
        "bookingid": 60
    },
    {
        "bookingid": 2177
    },
    {
        "bookingid": 547
    },
    {
        "bookingid": 1035
    },
    {
        "bookingid": 1127
    },
    {
        "bookingid": 2748
    },
    {
        "bookingid": 233
    },
    {
        "bookingid": 1478
    },
    {
        "bookingid": 116
    },
    {
        "bookingid": 1578
    },
    {
        "bookingid": 1746
    },
    {
        "bookingid": 2417
    },
    {
        "bookingid": 527
    },
    {
        "bookingid": 2109
    },
    {
        "bookingid": 2405
    },
    {
        "bookingid": 222
    },
    {
        "bookingid": 2023
    },
    {
        "bookingid": 1479
    },
    {
        "bookingid": 1026
    },
    {
        "bookingid": 2324
    },
    {
        "bookingid": 2735
    },
    {
        "bookingid": 1853
    },
    {
        "bookingid": 3175
    },
    {
        "bookingid": 2363
    },
    {
        "bookingid": 2883
    },
    {
        "bookingid": 298
    },
    {
        "bookingid": 2739
    },
    {
        "bookingid": 1433
    },
    {
        "bookingid": 2829
    },
    {
        "bookingid": 815
    },
    {
        "bookingid": 579
    },
    {
        "bookingid": 3074
    },
    {
        "bookingid": 2552
    },
    {
        "bookingid": 850
    },
    {
        "bookingid": 1419
    },
    {
        "bookingid": 656
    },
    {
        "bookingid": 1514
    },
    {
        "bookingid": 2559
    },
    {
        "bookingid": 379
    },
    {
        "bookingid": 1264
    },
    {
        "bookingid": 2578
    },
    {
        "bookingid": 2835
    },
    {
        "bookingid": 23
    },
    {
        "bookingid": 1712
    },
    {
        "bookingid": 2427
    },
    {
        "bookingid": 292
    },
    {
        "bookingid": 3081
    },
    {
        "bookingid": 1766
    },
    {
        "bookingid": 2628
    },
    {
        "bookingid": 782
    },
    {
        "bookingid": 3066
    },
    {
        "bookingid": 2330
    },
    {
        "bookingid": 3024
    },
    {
        "bookingid": 281
    },
    {
        "bookingid": 2439
    },
    {
        "bookingid": 797
    },
    {
        "bookingid": 2282
    },
    {
        "bookingid": 883
    },
    {
        "bookingid": 2388
    },
    {
        "bookingid": 1720
    },
    {
        "bookingid": 3170
    },
    {
        "bookingid": 2205
    },
    {
        "bookingid": 1778
    },
    {
        "bookingid": 3144
    },
    {
        "bookingid": 2466
    },
    {
        "bookingid": 2319
    },
    {
        "bookingid": 2824
    },
    {
        "bookingid": 766
    },
    {
        "bookingid": 35
    },
    {
        "bookingid": 69
    },
    {
        "bookingid": 1525
    },
    {
        "bookingid": 764
    },
    {
        "bookingid": 2685
    },
    {
        "bookingid": 80
    },
    {
        "bookingid": 1541
    },
    {
        "bookingid": 639
    },
    {
        "bookingid": 2391
    },
    {
        "bookingid": 3156
    },
    {
        "bookingid": 1266
    },
    {
        "bookingid": 2870
    },
    {
        "bookingid": 2191
    },
    {
        "bookingid": 3127
    },
    {
        "bookingid": 1986
    },
    {
        "bookingid": 314
    },
    {
        "bookingid": 2339
    },
    {
        "bookingid": 920
    },
    {
        "bookingid": 9
    },
    {
        "bookingid": 470
    },
    {
        "bookingid": 3056
    },
    {
        "bookingid": 1618
    },
    {
        "bookingid": 1082
    },
    {
        "bookingid": 2609
    },
    {
        "bookingid": 3097
    },
    {
        "bookingid": 1626
    },
    {
        "bookingid": 3169
    },
    {
        "bookingid": 1004
    },
    {
        "bookingid": 1445
    },
    {
        "bookingid": 753
    },
    {
        "bookingid": 3076
    },
    {
        "bookingid": 1740
    },
    {
        "bookingid": 2788
    },
    {
        "bookingid": 2032
    },
    {
        "bookingid": 1651
    },
    {
        "bookingid": 1274
    },
    {
        "bookingid": 3068
    },
    {
        "bookingid": 633
    },
    {
        "bookingid": 1271
    },
    {
        "bookingid": 206
    },
    {
        "bookingid": 386
    },
    {
        "bookingid": 2688
    },
    {
        "bookingid": 2114
    },
    {
        "bookingid": 1556
    },
    {
        "bookingid": 2225
    },
    {
        "bookingid": 1531
    },
    {
        "bookingid": 2809
    },
    {
        "bookingid": 413
    },
    {
        "bookingid": 3051
    },
    {
        "bookingid": 692
    },
    {
        "bookingid": 878
    },
    {
        "bookingid": 261
    },
    {
        "bookingid": 1117
    },
    {
        "bookingid": 747
    },
    {
        "bookingid": 176
    },
    {
        "bookingid": 1905
    },
    {
        "bookingid": 1439
    },
    {
        "bookingid": 1402
    },
    {
        "bookingid": 1928
    },
    {
        "bookingid": 1521
    },
    {
        "bookingid": 860
    },
    {
        "bookingid": 328
    },
    {
        "bookingid": 404
    },
    {
        "bookingid": 2393
    },
    {
        "bookingid": 2519
    },
    {
        "bookingid": 1831
    },
    {
        "bookingid": 1148
    },
    {
        "bookingid": 1996
    },
    {
        "bookingid": 3063
    },
    {
        "bookingid": 3011
    },
    {
        "bookingid": 144
    },
    {
        "bookingid": 967
    },
    {
        "bookingid": 1345
    },
    {
        "bookingid": 47
    },
    {
        "bookingid": 2033
    },
    {
        "bookingid": 2317
    },
    {
        "bookingid": 2823
    },
    {
        "bookingid": 2710
    },
    {
        "bookingid": 1420
    },
    {
        "bookingid": 182
    },
    {
        "bookingid": 1793
    },
    {
        "bookingid": 2383
    },
    {
        "bookingid": 2246
    },
    {
        "bookingid": 899
    },
    {
        "bookingid": 2505
    },
    {
        "bookingid": 2603
    },
    {
        "bookingid": 2836
    },
    {
        "bookingid": 2719
    },
    {
        "bookingid": 1791
    },
    {
        "bookingid": 1628
    },
    {
        "bookingid": 794
    },
    {
        "bookingid": 471
    },
    {
        "bookingid": 793
    },
    {
        "bookingid": 1257
    },
    {
        "bookingid": 215
    },
    {
        "bookingid": 1220
    },
    {
        "bookingid": 2006
    },
    {
        "bookingid": 129
    },
    {
        "bookingid": 2426
    },
    {
        "bookingid": 2971
    },
    {
        "bookingid": 684
    },
    {
        "bookingid": 2303
    },
    {
        "bookingid": 1018
    },
    {
        "bookingid": 2079
    },
    {
        "bookingid": 2564
    },
    {
        "bookingid": 787
    },
    {
        "bookingid": 1911
    },
    {
        "bookingid": 1677
    },
    {
        "bookingid": 1222
    },
    {
        "bookingid": 2904
    },
    {
        "bookingid": 2854
    },
    {
        "bookingid": 2700
    },
    {
        "bookingid": 1221
    },
    {
        "bookingid": 1921
    },
    {
        "bookingid": 2179
    },
    {
        "bookingid": 173
    },
    {
        "bookingid": 2509
    },
    {
        "bookingid": 982
    },
    {
        "bookingid": 1464
    },
    {
        "bookingid": 1827
    },
    {
        "bookingid": 1450
    },
    {
        "bookingid": 2570
    },
    {
        "bookingid": 1119
    },
    {
        "bookingid": 428
    },
    {
        "bookingid": 2584
    },
    {
        "bookingid": 1154
    },
    {
        "bookingid": 2689
    },
    {
        "bookingid": 781
    },
    {
        "bookingid": 1070
    },
    {
        "bookingid": 1613
    },
    {
        "bookingid": 758
    },
    {
        "bookingid": 1358
    },
    {
        "bookingid": 2329
    },
    {
        "bookingid": 2777
    },
    {
        "bookingid": 2665
    },
    {
        "bookingid": 1647
    },
    {
        "bookingid": 646
    },
    {
        "bookingid": 710
    },
    {
        "bookingid": 2534
    },
    {
        "bookingid": 465
    },
    {
        "bookingid": 2414
    },
    {
        "bookingid": 1006
    },
    {
        "bookingid": 2358
    },
    {
        "bookingid": 2877
    },
    {
        "bookingid": 2397
    },
    {
        "bookingid": 2966
    },
    {
        "bookingid": 1862
    },
    {
        "bookingid": 2432
    },
    {
        "bookingid": 2999
    },
    {
        "bookingid": 91
    },
    {
        "bookingid": 2557
    },
    {
        "bookingid": 2511
    },
    {
        "bookingid": 3080
    },
    {
        "bookingid": 463
    },
    {
        "bookingid": 1443
    },
    {
        "bookingid": 1706
    },
    {
        "bookingid": 652
    },
    {
        "bookingid": 2294
    },
    {
        "bookingid": 1390
    },
    {
        "bookingid": 3032
    },
    {
        "bookingid": 2066
    },
    {
        "bookingid": 285
    },
    {
        "bookingid": 2848
    },
    {
        "bookingid": 1238
    },
    {
        "bookingid": 480
    },
    {
        "bookingid": 2119
    },
    {
        "bookingid": 528
    },
    {
        "bookingid": 625
    },
    {
        "bookingid": 2445
    },
    {
        "bookingid": 1991
    },
    {
        "bookingid": 432
    },
    {
        "bookingid": 472
    },
    {
        "bookingid": 717
    },
    {
        "bookingid": 2876
    },
    {
        "bookingid": 1050
    },
    {
        "bookingid": 1215
    },
    {
        "bookingid": 1318
    },
    {
        "bookingid": 2254
    },
    {
        "bookingid": 2722
    },
    {
        "bookingid": 399
    },
    {
        "bookingid": 716
    },
    {
        "bookingid": 744
    },
    {
        "bookingid": 2670
    },
    {
        "bookingid": 578
    },
    {
        "bookingid": 2866
    },
    {
        "bookingid": 422
    },
    {
        "bookingid": 1090
    },
    {
        "bookingid": 2051
    },
    {
        "bookingid": 2818
    },
    {
        "bookingid": 1350
    },
    {
        "bookingid": 1011
    },
    {
        "bookingid": 1434
    },
    {
        "bookingid": 2684
    },
    {
        "bookingid": 2598
    },
    {
        "bookingid": 940
    },
    {
        "bookingid": 3140
    },
    {
        "bookingid": 1291
    },
    {
        "bookingid": 807
    },
    {
        "bookingid": 3083
    },
    {
        "bookingid": 2546
    },
    {
        "bookingid": 2695
    },
    {
        "bookingid": 2340
    },
    {
        "bookingid": 875
    },
    {
        "bookingid": 888
    },
    {
        "bookingid": 1567
    },
    {
        "bookingid": 732
    },
    {
        "bookingid": 2448
    },
    {
        "bookingid": 2812
    },
    {
        "bookingid": 1593
    },
    {
        "bookingid": 3057
    },
    {
        "bookingid": 2832
    },
    {
        "bookingid": 847
    },
    {
        "bookingid": 2259
    },
    {
        "bookingid": 3137
    },
    {
        "bookingid": 2535
    },
    {
        "bookingid": 1269
    },
    {
        "bookingid": 1034
    },
    {
        "bookingid": 1076
    },
    {
        "bookingid": 1674
    },
    {
        "bookingid": 64
    },
    {
        "bookingid": 2483
    },
    {
        "bookingid": 2170
    },
    {
        "bookingid": 1493
    },
    {
        "bookingid": 308
    },
    {
        "bookingid": 88
    },
    {
        "bookingid": 2331
    },
    {
        "bookingid": 2468
    },
    {
        "bookingid": 1407
    },
    {
        "bookingid": 2093
    },
    {
        "bookingid": 948
    },
    {
        "bookingid": 2807
    },
    {
        "bookingid": 291
    },
    {
        "bookingid": 706
    },
    {
        "bookingid": 763
    },
    {
        "bookingid": 3155
    },
    {
        "bookingid": 449
    },
    {
        "bookingid": 372
    },
    {
        "bookingid": 1427
    },
    {
        "bookingid": 2988
    },
    {
        "bookingid": 1519
    },
    {
        "bookingid": 686
    },
    {
        "bookingid": 3148
    },
    {
        "bookingid": 466
    },
    {
        "bookingid": 2209
    },
    {
        "bookingid": 439
    },
    {
        "bookingid": 1251
    },
    {
        "bookingid": 1108
    },
    {
        "bookingid": 2063
    },
    {
        "bookingid": 2906
    },
    {
        "bookingid": 2118
    },
    {
        "bookingid": 2149
    },
    {
        "bookingid": 2255
    },
    {
        "bookingid": 2504
    },
    {
        "bookingid": 905
    },
    {
        "bookingid": 1234
    },
    {
        "bookingid": 1571
    },
    {
        "bookingid": 2986
    },
    {
        "bookingid": 2501
    },
    {
        "bookingid": 1838
    },
    {
        "bookingid": 2782
    },
    {
        "bookingid": 1579
    },
    {
        "bookingid": 731
    },
    {
        "bookingid": 86
    },
    {
        "bookingid": 985
    },
    {
        "bookingid": 12
    },
    {
        "bookingid": 590
    },
    {
        "bookingid": 538
    },
    {
        "bookingid": 2597
    },
    {
        "bookingid": 2070
    },
    {
        "bookingid": 1414
    },
    {
        "bookingid": 2550
    },
    {
        "bookingid": 1386
    },
    {
        "bookingid": 341
    },
    {
        "bookingid": 1805
    },
    {
        "bookingid": 1092
    },
    {
        "bookingid": 2697
    },
    {
        "bookingid": 762
    },
    {
        "bookingid": 999
    },
    {
        "bookingid": 2867
    },
    {
        "bookingid": 993
    },
    {
        "bookingid": 887
    },
    {
        "bookingid": 1915
    },
    {
        "bookingid": 3041
    },
    {
        "bookingid": 3007
    },
    {
        "bookingid": 1537
    },
    {
        "bookingid": 389
    },
    {
        "bookingid": 795
    },
    {
        "bookingid": 2672
    },
    {
        "bookingid": 212
    },
    {
        "bookingid": 260
    },
    {
        "bookingid": 642
    },
    {
        "bookingid": 2822
    },
    {
        "bookingid": 2749
    },
    {
        "bookingid": 620
    },
    {
        "bookingid": 1233
    },
    {
        "bookingid": 3136
    },
    {
        "bookingid": 1710
    },
    {
        "bookingid": 3004
    },
    {
        "bookingid": 2366
    },
    {
        "bookingid": 809
    },
    {
        "bookingid": 2013
    },
    {
        "bookingid": 2915
    },
    {
        "bookingid": 1954
    },
    {
        "bookingid": 61
    },
    {
        "bookingid": 3088
    },
    {
        "bookingid": 2352
    },
    {
        "bookingid": 1290
    },
    {
        "bookingid": 975
    },
    {
        "bookingid": 204
    },
    {
        "bookingid": 324
    },
    {
        "bookingid": 1652
    },
    {
        "bookingid": 2860
    },
    {
        "bookingid": 2621
    },
    {
        "bookingid": 2320
    },
    {
        "bookingid": 1683
    },
    {
        "bookingid": 2322
    },
    {
        "bookingid": 1886
    },
    {
        "bookingid": 2636
    },
    {
        "bookingid": 1960
    },
    {
        "bookingid": 1145
    },
    {
        "bookingid": 1605
    },
    {
        "bookingid": 735
    },
    {
        "bookingid": 2827
    },
    {
        "bookingid": 1499
    },
    {
        "bookingid": 128
    },
    {
        "bookingid": 1325
    },
    {
        "bookingid": 532
    },
    {
        "bookingid": 2425
    },
    {
        "bookingid": 1103
    },
    {
        "bookingid": 1209
    },
    {
        "bookingid": 39
    },
    {
        "bookingid": 198
    },
    {
        "bookingid": 2811
    },
    {
        "bookingid": 2687
    },
    {
        "bookingid": 1898
    },
    {
        "bookingid": 1881
    },
    {
        "bookingid": 1473
    },
    {
        "bookingid": 2596
    },
    {
        "bookingid": 2991
    },
    {
        "bookingid": 79
    },
    {
        "bookingid": 1693
    },
    {
        "bookingid": 2198
    },
    {
        "bookingid": 2250
    },
    {
        "bookingid": 1883
    },
    {
        "bookingid": 1456
    },
    {
        "bookingid": 59
    },
    {
        "bookingid": 2044
    },
    {
        "bookingid": 1340
    },
    {
        "bookingid": 370
    },
    {
        "bookingid": 1974
    },
    {
        "bookingid": 2373
    },
    {
        "bookingid": 2660
    },
    {
        "bookingid": 2612
    },
    {
        "bookingid": 970
    },
    {
        "bookingid": 2731
    },
    {
        "bookingid": 2588
    },
    {
        "bookingid": 348
    },
    {
        "bookingid": 1248
    },
    {
        "bookingid": 1174
    },
    {
        "bookingid": 729
    },
    {
        "bookingid": 1312
    },
    {
        "bookingid": 854
    },
    {
        "bookingid": 2499
    },
    {
        "bookingid": 2813
    },
    {
        "bookingid": 1032
    },
    {
        "bookingid": 1742
    },
    {
        "bookingid": 1823
    },
    {
        "bookingid": 395
    },
    {
        "bookingid": 2610
    },
    {
        "bookingid": 605
    },
    {
        "bookingid": 2167
    },
    {
        "bookingid": 973
    },
    {
        "bookingid": 1852
    },
    {
        "bookingid": 2394
    },
    {
        "bookingid": 65
    },
    {
        "bookingid": 2759
    },
    {
        "bookingid": 1836
    },
    {
        "bookingid": 2056
    },
    {
        "bookingid": 2100
    },
    {
        "bookingid": 2132
    },
    {
        "bookingid": 1603
    },
    {
        "bookingid": 2332
    },
    {
        "bookingid": 31
    },
    {
        "bookingid": 1711
    },
    {
        "bookingid": 2592
    },
    {
        "bookingid": 1533
    },
    {
        "bookingid": 1112
    },
    {
        "bookingid": 2657
    },
    {
        "bookingid": 299
    },
    {
        "bookingid": 871
    },
    {
        "bookingid": 185
    },
    {
        "bookingid": 2798
    },
    {
        "bookingid": 187
    },
    {
        "bookingid": 3125
    },
    {
        "bookingid": 1669
    },
    {
        "bookingid": 2518
    },
    {
        "bookingid": 2213
    },
    {
        "bookingid": 2276
    },
    {
        "bookingid": 2099
    },
    {
        "bookingid": 2017
    },
    {
[...]
Minimum price: 7.95
-----------
Maximum price: 999.99
-----------
Average price: 162.04599999999994
-----------
Standard deviation: 265.32775377634357
-----------
Array length: 20
-----------
Sum of prices: 3240.9199999999987
-----------
Property keys: null
-----------
Concatenated result: 109.9522.355.9915.996951689.9910.9964109109114599999.9956.9929.9539.999.857.9512.990.00001'
-----------
Appended result: [{"id":1,"title":"Fjallraven - Foldsack No. 1 Backpack, Fits 15 Laptops","price":109.95,"description":"Your perfect pack for everyday use and walks in the forest. Stash your laptop (up to 15 inches) in the padded sleeve, your everyday","category":"men's clothing","image":"https:\/\/fakestoreapi.com\/img\/81fPKd-2AYL._AC_SL1500_.jpg","rating":{"rate":3.9,"count":120}},{"id":2,"title":"Mens Casual Premium Slim Fit T-Shirts ","price":22.3,"description":"Slim-fitting style, contrast raglan long sleeve, three-button henley placket, light weight & soft fabric for breathable and comfortable wearing. And Solid stitched shirts with round neck made for durability and a great fit for casual fashion wear and diehard baseball fans. The Henley style round neckline includes a three-button placket.","category":"men's clothing","image":"https:\/\/fakestoreapi.com\/img\/71-3HjGNDUL._AC_SY879._SX._UX._SY._UY_.jpg","rating":{"rate":4.1,"count":259}},{"id":3,"title":"Mens Cotton Jacket","price":55.99,"description":"great outerwear jackets for Spring\/Autumn\/Winter, suitable for many occasions, such as working, hiking, camping, mountain\/rock climbing, cycling, traveling or other outdoors. Good gift choice for you or your family member. A warm hearted love to Father, husband or son in this thanksgiving or Christmas Day.","category":"men's clothing","image":"https:\/\/fakestoreapi.com\/img\/71li-ujtlUL._AC_UX679_.jpg","rating":{"rate":4.7,"count":500}},{"id":4,"title":"Mens Casual Slim Fit","price":15.99,"description":"The color could be slightly different between on the screen and in practice. \/ Please note that body builds vary by person, therefore, detailed size information should be reviewed below on the product description.","category":"men's clothing","image":"https:\/\/fakestoreapi.com\/img\/71YXzeOuslL._AC_UY879_.jpg","rating":{"rate":2.1,"count":430}},{"id":5,"title":"John Hardy Women's Legends Naga Gold & Silver Dragon Station Chain Bracelet","price":695,"description":"From our Legends Collection, the Naga was inspired by the mythical water dragon that protects the ocean's pearl. Wear facing inward to be bestowed with love and abundance, or outward for protection.","category":"jewelery","image":"https:\/\/fakestoreapi.com\/img\/71pWzhdJNwL._AC_UL640_QL65_ML3_.jpg","rating":{"rate":4.6,"count":400}},{"id":6,"title":"Solid Gold Petite Micropave ","price":168,"description":"Satisfaction Guaranteed. Return or exchange any order within 30 days.Designed and sold by Hafeez Center in the United States. Satisfaction Guaranteed. Return or exchange any order within 30 days.","category":"jewelery","image":"https:\/\/fakestoreapi.com\/img\/61sbMiUnoGL._AC_UL640_QL65_ML3_.jpg","rating":{"rate":3.9,"count":70}},{"id":7,"title":"White Gold Plated Princess","price":9.99,"description":"Classic Created Wedding Engagement Solitaire Diamond Promise Ring for Her. Gifts to spoil your love more for Engagement, Wedding, Anniversary, Valentine's Day...","category":"jewelery","image":"https:\/\/fakestoreapi.com\/img\/71YAIFU48IL._AC_UL640_QL65_ML3_.jpg","rating":{"rate":3,"count":400}},{"id":8,"title":"Pierced Owl Rose Gold Plated Stainless Steel Double","price":10.99,"description":"Rose Gold Plated Double Flared Tunnel Plug Earrings. Made of 316L Stainless Steel","category":"jewelery","image":"https:\/\/fakestoreapi.com\/img\/51UDEzMJVpL._AC_UL640_QL65_ML3_.jpg","rating":{"rate":1.9,"count":100}},{"id":9,"title":"WD 2TB Elements Portable External Hard Drive - USB 3.0 ","price":64,"description":"USB 3.0 and USB 2.0 Compatibility Fast data transfers Improve PC Performance High Capacity; Compatibility Formatted NTFS for Windows 10, Windows 8.1, Windows 7; Reformatting may be required for other operating systems; Compatibility may vary depending on user\u2019s hardware configuration and operating system","category":"electronics","image":"https:\/\/fakestoreapi.com\/img\/61IBBVJvSDL._AC_SY879_.jpg","rating":{"rate":3.3,"count":203}},{"id":10,"title":"SanDisk SSD PLUS 1TB Internal SSD - SATA III 6 Gb\/s","price":109,"description":"Easy upgrade for faster boot up, shutdown, application load and response (As compared to 5400 RPM SATA 2.5\u201D hard drive; Based on published specifications and internal benchmarking tests using PCMark vantage scores) Boosts burst write performance, making it ideal for typical PC workloads The perfect balance of performance and reliability Read\/write speeds of up to 535MB\/s\/450MB\/s (Based on internal testing; Performance may vary depending upon drive capacity, host device, OS and application.)","category":"electronics","image":"https:\/\/fakestoreapi.com\/img\/61U7T1koQqL._AC_SX679_.jpg","rating":{"rate":2.9,"count":470}},{"id":11,"title":"Silicon Power 256GB SSD 3D NAND A55 SLC Cache Performance Boost SATA III 2.5","price":109,"description":"3D NAND flash are applied to deliver high transfer speeds Remarkable transfer speeds that enable faster bootup and improved overall system performance. The advanced SLC Cache Technology allows performance boost and longer lifespan 7mm slim design suitable for Ultrabooks and Ultra-slim notebooks. Supports TRIM command, Garbage Collection technology, RAID, and ECC (Error Checking & Correction) to provide the optimized performance and enhanced reliability.","category":"electronics","image":"https:\/\/fakestoreapi.com\/img\/71kWymZ+c+L._AC_SX679_.jpg","rating":{"rate":4.8,"count":319}},{"id":12,"title":"WD 4TB Gaming Drive Works with Playstation 4 Portable External Hard Drive","price":114,"description":"Expand your PS4 gaming experience, Play anywhere Fast and easy, setup Sleek design with high capacity, 3-year manufacturer's limited warranty","category":"electronics","image":"https:\/\/fakestoreapi.com\/img\/61mtL65D4cL._AC_SX679_.jpg","rating":{"rate":4.8,"count":400}},{"id":13,"title":"Acer SB220Q bi 21.5 inches Full HD (1920 x 1080) IPS Ultra-Thin","price":599,"description":"21. 5 inches Full HD (1920 x 1080) widescreen IPS display And Radeon free Sync technology. No compatibility for VESA Mount Refresh Rate: 75Hz - Using HDMI port Zero-frame design | ultra-thin | 4ms response time | IPS panel Aspect ratio - 16: 9. Color Supported - 16. 7 million colors. Brightness - 250 nit Tilt angle -5 degree to 15 degree. Horizontal viewing angle-178 degree. Vertical viewing angle-178 degree 75 hertz","category":"electronics","image":"https:\/\/fakestoreapi.com\/img\/81QpkIctqPL._AC_SX679_.jpg","rating":{"rate":2.9,"count":250}},{"id":14,"title":"Samsung 49-Inch CHG90 144Hz Curved Gaming Monitor (LC49HG90DMNXZA) \u2013 Super Ultrawide Screen QLED ","price":999.99,"description":"49 INCH SUPER ULTRAWIDE 32:9 CURVED GAMING MONITOR with dual 27 inch screen side by side QUANTUM DOT (QLED) TECHNOLOGY, HDR support and factory calibration provides stunningly realistic and accurate color and contrast 144HZ HIGH REFRESH RATE and 1ms ultra fast response time work to eliminate motion blur, ghosting, and reduce input lag","category":"electronics","image":"https:\/\/fakestoreapi.com\/img\/81Zt42ioCgL._AC_SX679_.jpg","rating":{"rate":2.2,"count":140}},{"id":15,"title":"BIYLACLESEN Women's 3-in-1 Snowboard Jacket Winter Coats","price":56.99,"description":"Note:The Jackets is US standard size, Please choose size as your usual wear Material: 100% Polyester; Detachable Liner Fabric: Warm Fleece. Detachable Functional Liner: Skin Friendly, Lightweigt and Warm.Stand Collar Liner jacket, keep you warm in cold weather. Zippered Pockets: 2 Zippered Hand Pockets, 2 Zippered Pockets on Chest (enough to keep cards or keys)and 1 Hidden Pocket Inside.Zippered Hand Pockets and Hidden Pocket keep your things secure. Humanized Design: Adjustable and Detachable Hood and Adjustable cuff to prevent the wind and water,for a comfortable fit. 3 in 1 Detachable Design provide more convenience, you can separate the coat and inner as needed, or wear it together. It is suitable for different season and help you adapt to different climates","category":"women's clothing","image":"https:\/\/fakestoreapi.com\/img\/51Y5NI-I5jL._AC_UX679_.jpg","rating":{"rate":2.6,"count":235}},{"id":16,"title":"Lock and Love Women's Removable Hooded Faux Leather Moto Biker Jacket","price":29.95,"description":"100% POLYURETHANE(shell) 100% POLYESTER(lining) 75% POLYESTER 25% COTTON (SWEATER), Faux leather material for style and comfort \/ 2 pockets of front, 2-For-One Hooded denim style faux leather jacket, Button detail on waist \/ Detail stitching at sides, HAND WASH ONLY \/ DO NOT BLEACH \/ LINE DRY \/ DO NOT IRON","category":"women's clothing","image":"https:\/\/fakestoreapi.com\/img\/81XH0e8fefL._AC_UY879_.jpg","rating":{"rate":2.9,"count":340}},{"id":17,"title":"Rain Jacket Women Windbreaker Striped Climbing Raincoats","price":39.99,"description":"Lightweight perfet for trip or casual wear---Long sleeve with hooded, adjustable drawstring waist design. Button and zipper front closure raincoat, fully stripes Lined and The Raincoat has 2 side pockets are a good size to hold all kinds of things, it covers the hips, and the hood is generous but doesn't overdo it.Attached Cotton Lined Hood with Adjustable Drawstrings give it a real styled look.","category":"women's clothing","image":"https:\/\/fakestoreapi.com\/img\/71HblAHs5xL._AC_UY879_-2.jpg","rating":{"rate":3.8,"count":679}},{"id":18,"title":"MBJ Women's Solid Short Sleeve Boat Neck V ","price":9.85,"description":"95% RAYON 5% SPANDEX, Made in USA or Imported, Do Not Bleach, Lightweight fabric with great stretch for comfort, Ribbed on sleeves and neckline \/ Double stitching on bottom hem","category":"women's clothing","image":"https:\/\/fakestoreapi.com\/img\/71z3kpMAYsL._AC_UY879_.jpg","rating":{"rate":4.7,"count":130}},{"id":19,"title":"Opna Women's Short Sleeve Moisture","price":7.95,"description":"100% Polyester, Machine wash, 100% cationic polyester interlock, Machine Wash & Pre Shrunk for a Great Fit, Lightweight, roomy and highly breathable with moisture wicking fabric which helps to keep moisture away, Soft Lightweight Fabric with comfortable V-neck collar and a slimmer fit, delivers a sleek, more feminine silhouette and Added Comfort","category":"women's clothing","image":"https:\/\/fakestoreapi.com\/img\/51eg55uWmdL._AC_UX679_.jpg","rating":{"rate":4.5,"count":146}},{"id":20,"title":"DANVOUY Womens T Shirt Casual Cotton Short","price":12.99,"description":"95%Cotton,5%Spandex, Features: Casual, Short Sleeve, Letter Print,V-Neck,Fashion Tees, The fabric is soft and has some stretch., Occasion: Casual\/Office\/Beach\/School\/Home\/Street. Season: Spring,Summer,Autumn,Winter.","category":"women's clothing","image":"https:\/\/fakestoreapi.com\/img\/61pHAEJ4NML._AC_UX679_.jpg","rating":{"rate":3.6,"count":145}},[109.95,22.3,55.99,15.99,695,168,9.99,10.99,64,109,109,114,599,999.99,56.99,29.95,39.99,9.85,7.95,12.99],"0.900001'"]
-----------
First item: {id=1, title=Fjallraven - Foldsack No. 1 Backpack, Fits 15 Laptops, price=109.95, description=Your perfect pack for everyday use and walks in the forest. Stash your laptop (up to 15 inches) in the padded sleeve, your everyday, category=men's clothing, image=https://fakestoreapi.com/img/81fPKd-2AYL._AC_SL1500_.jpg, rating={rate=3.9, count=120}}
-----------
Last item: {id=20, title=DANVOUY Womens T Shirt Casual Cotton Short, price=12.99, description=95%Cotton,5%Spandex, Features: Casual, Short Sleeve, Letter Print,V-Neck,Fashion Tees, The fabric is soft and has some stretch., Occasion: Casual/Office/Beach/School/Home/Street. Season: Spring,Summer,Autumn,Winter., category=women's clothing, image=https://fakestoreapi.com/img/61pHAEJ4NML._AC_UX679_.jpg, rating={rate=3.6, count=145}}
Item at index 2: {id=3, title=Mens Cotton Jacket, price=55.99, description=great outerwear jackets for Spring/Autumn/Winter, suitable for many occasions, such as working, hiking, camping, mountain/rock climbing, cycling, traveling or other outdoors. Good gift choice for you or your family member. A warm hearted love to Father, husband or son in this thanksgiving or Christmas Day., category=men's clothing, image=https://fakestoreapi.com/img/71li-ujtlUL._AC_UX679_.jpg, rating={rate=4.7, count=500}}
]]></system-out>
  </testcase>
  <testcase name="Xmltest_With_Deserialization" classname="XMLAPITests.GORestXMLPathTest" time="0.614">
    <system-out><![CDATA[id is : 7825341
email is : chattopadhyay_anamika@boyer-skiles.test
gender is : male
name is : Anamika Chattopadhyay
status is : inactive
objects type is : array
id type is : integer
]]></system-out>
  </testcase>
  <testcase name="gorestAPITest" classname="XMLAPITests.GORestXMLPathTest" time="0.967">
    <system-out><![CDATA[object type is :array
------------
id type is :[integer, integer, integer, integer, integer, integer, integer, integer, integer, integer]
integer
integer
integer
integer
integer
integer
integer
integer
integer
integer
------------
[7825341, 7824119, 7824118, 7824117, 7824116, 7824115, 7824114, 7824113, 7824112, 7824111]
10
false
------------
]]></system-out>
  </testcase>
  <testcase name="getUser_WithReq_Spec" classname="RequestResponseSpecUsingBuilder.RequestSpecBuilderTest" time="1.097"/>
  <testcase name="getUser_WithReq_Spec_QueryParam" classname="RequestResponseSpecUsingBuilder.RequestSpecBuilderTest" time="0.924">
    <system-out><![CDATA[Request method:	GET
Request URI:	https://gorest.co.in/public/v2/users?name=naveen&status=active
Proxy:			<none>
Request params:	<none>
Query params:	name=naveen
				status=active
Form params:	<none>
Path params:	<none>
Headers:		Authorization=Bearer e4b8e1f593dc4a731a153c5ec8cc9b8bbb583ae964ce650a741113091b4e2ac6
				Accept=*/*
				Content-Type=application/json
Cookies:		<none>
Multiparts:		<none>
Body:			<none>
]]></system-out>
  </testcase>
  <testcase name="getUserTest" classname="RequestResponseSpecUsingBuilder.RequestResponseSpecTest" time="0.658">
    <system-out><![CDATA[{
    "type": "amadeusOAuth2Token",
    "username": "naveenanimation20@gmail.com",
    "application_name": "NaveenAPI",
    "client_id": "VXBJs37GsjZLfpjh7VqJrNdFLV0uryvV",
    "token_type": "Bearer",
    "access_token": "rtPVjKJvzedH6RAbcpE3idJA1pw1",
    "expires_in": 1799,
    "state": "approved",
    "scope": ""
}
]]></system-out>
  </testcase>
  <testcase name="getUsersTest" classname="RequestResponseSpecUsingBuilder.ResponseSpecBuilderTest" time="0.7"/>
  <testcase name="getUsers_WithInvalidToken_Test" classname="RequestResponseSpecUsingBuilder.ResponseSpecBuilderTest" time="0.593"/>
  <testcase name="getProductsTest_1" classname="GETAPITestsWithoutBDD.ProductAPIsTest" time="1.469">
    <failure message="expected [200] but found [401]" type="java.lang.AssertionError"><![CDATA[java.lang.AssertionError: expected [200] but found [401]
	at org.testng.Assert.fail(Assert.java:97)
	at org.testng.Assert.assertEqualsImpl(Assert.java:136)
	at org.testng.Assert.assertEquals(Assert.java:118)
	at org.testng.Assert.assertEquals(Assert.java:839)
	at org.testng.Assert.assertEquals(Assert.java:849)
	at GETAPITestsWithoutBDD.ProductAPIsTest.getProductsTest_1(ProductAPIsTest.java:30)
	at java.base/jdk.internal.reflect.NativeMethodAccessorImpl.invoke0(Native Method)
	at java.base/jdk.internal.reflect.NativeMethodAccessorImpl.invoke(NativeMethodAccessorImpl.java:62)
	at java.base/jdk.internal.reflect.DelegatingMethodAccessorImpl.invoke(DelegatingMethodAccessorImpl.java:43)
	at java.base/java.lang.reflect.Method.invoke(Method.java:566)
	at org.testng.internal.MethodInvocationHelper.invokeMethod(MethodInvocationHelper.java:133)
	at org.testng.internal.TestInvoker.invokeMethod(TestInvoker.java:584)
	at org.testng.internal.TestInvoker.invokeTestMethod(TestInvoker.java:172)
	at org.testng.internal.MethodRunner.runInSequence(MethodRunner.java:46)
	at org.testng.internal.TestInvoker$MethodInvocationAgent.invoke(TestInvoker.java:804)
	at org.testng.internal.TestInvoker.invokeTestMethods(TestInvoker.java:145)
	at org.testng.internal.TestMethodWorker.invokeTestMethods(TestMethodWorker.java:146)
	at org.testng.internal.TestMethodWorker.run(TestMethodWorker.java:128)
	at java.base/java.util.ArrayList.forEach(ArrayList.java:1541)
	at org.testng.TestRunner.privateRun(TestRunner.java:770)
	at org.testng.TestRunner.run(TestRunner.java:591)
	at org.testng.SuiteRunner.runTest(SuiteRunner.java:402)
	at org.testng.SuiteRunner.runSequentially(SuiteRunner.java:396)
	at org.testng.SuiteRunner.privateRun(SuiteRunner.java:355)
	at org.testng.SuiteRunner.run(SuiteRunner.java:304)
	at org.testng.SuiteRunnerWorker.runSuite(SuiteRunnerWorker.java:53)
	at org.testng.SuiteRunnerWorker.run(SuiteRunnerWorker.java:96)
	at org.testng.TestNG.runSuitesSequentially(TestNG.java:1180)
	at org.testng.TestNG.runSuitesLocally(TestNG.java:1102)
	at org.testng.TestNG.runSuites(TestNG.java:1032)
	at org.testng.TestNG.run(TestNG.java:1000)
	at org.apache.maven.surefire.testng.TestNGExecutor.run(TestNGExecutor.java:155)
	at org.apache.maven.surefire.testng.TestNGDirectoryTestSuite.executeMulti(TestNGDirectoryTestSuite.java:169)
	at org.apache.maven.surefire.testng.TestNGDirectoryTestSuite.execute(TestNGDirectoryTestSuite.java:88)
	at org.apache.maven.surefire.testng.TestNGProvider.invoke(TestNGProvider.java:137)
	at org.apache.maven.surefire.booter.ForkedBooter.runSuitesInProcess(ForkedBooter.java:385)
	at org.apache.maven.surefire.booter.ForkedBooter.execute(ForkedBooter.java:162)
	at org.apache.maven.surefire.booter.ForkedBooter.run(ForkedBooter.java:507)
	at org.apache.maven.surefire.booter.ForkedBooter.main(ForkedBooter.java:495)
]]></failure>
    <system-out><![CDATA[status code : 401
]]></system-out>
  </testcase>
</testsuite>