<?xml version="1.0" encoding="UTF-8"?>
<testng-results ignored="2" total="3" passed="1" failed="0" skipped="0">
  <reporter-output>
  </reporter-output>
  <suite started-at="2025-04-15T16:02:25 IST" name="Default suite" finished-at="2025-04-15T16:02:29 IST" duration-ms="4045">
    <groups>
    </groups>
    <test started-at="2025-04-15T16:02:25 IST" name="Default test" finished-at="2025-04-15T16:02:29 IST" duration-ms="4045">
      <class name="UpdateUser.CreateUserTestWithUserObjectAndLombok">
        <test-method signature="CreateUserWith_UserObject()[pri:0, instance:UpdateUser.CreateUserTestWithUserObjectAndLombok@a1cdc6d]" started-at="2025-04-15T16:02:25 IST" name="CreateUserWith_UserObject" finished-at="2025-04-15T16:02:29 IST" duration-ms="4020" status="PASS">
          <reporter-output>
          </reporter-output>
        </test-method> <!-- CreateUserWith_UserObject -->
      </class> <!-- UpdateUser.CreateUserTestWithUserObjectAndLombok -->
    </test> <!-- Default test -->
  </suite> <!-- Default suite -->
</testng-results>
